blocks-3-0 0.008 11 54336 4 (pick-up b) (stack b a) (pick-up c) (stack c b)
blocks-4-0 0.070 46 125384 6 (pick-up b) (stack b a) (pick-up c) (stack c b) (pick-up d) (stack d c)
blocks-4-1 0.078 60 156472 14 (unstack b c) (put-down b) (unstack c a) (stack c b) (unstack a d) (put-down a) (unstack c b) (put-down c) (pick-up a) (stack a b) (pick-up c) (stack c a) (pick-up d) (stack d c)
blocks-4-2 0.042 30 79600 6 (unstack c b) (stack c d) (pick-up b) (stack b c) (pick-up a) (stack a b)
blocks-5-0 0.626 224 1010336 14 (unstack c e) (put-down c) (unstack e b) (put-down e) (unstack b a) (put-down b) (pick-up d) (stack d c) (pick-up b) (stack b d) (pick-up e) (stack e b) (pick-up a) (stack a e)
blocks-5-1 0.433 161 603016 10 (unstack b a) (put-down b) (unstack a d) (stack a e) (pick-up b) (stack b a) (pick-up c) (stack c b) (pick-up d) (stack d c)
blocks-5-2 0.621 242 1167904 18 (unstack d e) (put-down d) (unstack e c) (stack e d) (unstack c a) (put-down c) (unstack e d) (put-down e) (unstack a b) (put-down a) (pick-up e) (stack e a) (pick-up b) (stack b e) (pick-up c) (stack c b) (pick-up d) (stack d c)
blocks-6-0 0.676 163 847888 12 (unstack d a) (put-down d) (unstack f e) (stack f d) (unstack e b) (stack e f) (unstack a c) (stack a e) (pick-up b) (stack b a) (pick-up c) (stack c b)
blocks-6-1 3.459 564 4292392 10 (unstack a f) (stack a d) (pick-up b) (stack b a) (pick-up c) (stack c b) (pick-up f) (stack f c) (pick-up e) (stack e f)
blocks-6-2 8.089 1114 11232608 22 (unstack a d) (put-down a) (unstack d b) (stack d a) (unstack b f) (put-down b) (unstack f e) (put-down f) (unstack e c) (put-down e) (unstack d a) (put-down d) (pick-up c) (stack c d) (pick-up b) (stack b c) (pick-up a) (stack a b) (pick-up f) (stack f a) (pick-up e) (stack e f)
blocks-3-0 0.008 11 54336 4 (pick-up b) (stack b a) (pick-up c) (stack c b)
blocks-4-0 0.073 46 125384 6 (pick-up b) (stack b a) (pick-up c) (stack c b) (pick-up d) (stack d c)
blocks-4-1 0.082 60 156472 14 (unstack b c) (put-down b) (unstack c a) (stack c b) (unstack a d) (put-down a) (unstack c b) (put-down c) (pick-up a) (stack a b) (pick-up c) (stack c a) (pick-up d) (stack d c)
blocks-4-2 0.043 30 79600 6 (unstack c b) (stack c d) (pick-up b) (stack b c) (pick-up a) (stack a b)
blocks-5-0 0.558 224 1010336 14 (unstack c e) (put-down c) (unstack e b) (put-down e) (unstack b a) (put-down b) (pick-up d) (stack d c) (pick-up b) (stack b d) (pick-up e) (stack e b) (pick-up a) (stack a e)
blocks-5-1 0.399 161 603016 10 (unstack b a) (put-down b) (unstack a d) (stack a e) (pick-up b) (stack b a) (pick-up c) (stack c b) (pick-up d) (stack d c)
blocks-5-2 0.667 242 1167904 18 (unstack d e) (put-down d) (unstack e c) (stack e d) (unstack c a) (put-down c) (unstack e d) (put-down e) (unstack a b) (put-down a) (pick-up e) (stack e a) (pick-up b) (stack b e) (pick-up c) (stack c b) (pick-up d) (stack d c)
blocks-6-0 0.668 163 847888 12 (unstack d a) (put-down d) (unstack f e) (stack f d) (unstack e b) (stack e f) (unstack a c) (stack a e) (pick-up b) (stack b a) (pick-up c) (stack c b)
blocks-6-1 3.443 564 4292392 10 (unstack a f) (stack a d) (pick-up b) (stack b a) (pick-up c) (stack c b) (pick-up f) (stack f c) (pick-up e) (stack e f)
blocks-6-2 8.586 1114 11232608 22 (unstack a d) (put-down a) (unstack d b) (stack d a) (unstack b f) (put-down b) (unstack f e) (put-down f) (unstack e c) (put-down e) (unstack d a) (put-down d) (pick-up c) (stack c d) (pick-up b) (stack b c) (pick-up a) (stack a b) (pick-up f) (stack f a) (pick-up e) (stack e f)
