blocks-3-0 0.003 17 64712 4 (pick-up b) (stack b a) (pick-up c) (stack c b)
blocks-4-0 0.026 98 229968 6 (pick-up b) (stack b a) (pick-up c) (stack c b) (pick-up d) (stack d c)
blocks-4-1 0.013 56 128576 10 (unstack b c) (put-down b) (unstack c a) (put-down c) (unstack a d) (stack a b) (pick-up c) (stack c a) (pick-up d) (stack d c)
blocks-4-2 0.013 53 121552 6 (unstack c b) (stack c d) (pick-up b) (stack b c) (pick-up a) (stack a b)
blocks-5-0 0.291 374 1642608 12 (unstack c e) (put-down c) (pick-up d) (stack d c) (unstack e b) (put-down e) (unstack b a) (stack b d) (pick-up e) (stack e b) (pick-up a) (stack a e)
blocks-5-1 0.364 425 2314528 10 (unstack b a) (put-down b) (unstack a d) (stack a e) (pick-up b) (stack b a) (pick-up c) (stack c b) (pick-up d) (stack d c)
blocks-5-2 1.045 907 6145256 16 (unstack d e) (put-down d) (unstack e c) (put-down e) (unstack c a) (put-down c) (unstack a b) (put-down a) (pick-up e) (stack e a) (pick-up b) (stack b e) (pick-up c) (stack c b) (pick-up d) (stack d c)
blocks-6-0 1.854 829 5473152 12 (unstack d a) (put-down d) (unstack f e) (stack f d) (unstack e b) (stack e f) (unstack a c) (stack a e) (pick-up b) (stack b a) (pick-up c) (stack c b)
blocks-6-1 16.329 2424 38610896 10 (unstack a f) (stack a d) (pick-up b) (stack b a) (pick-up c) (stack c b) (pick-up f) (stack f c) (pick-up e) (stack e f)
blocks-3-0 0.003 17 64712 4 (pick-up b) (stack b a) (pick-up c) (stack c b)
blocks-4-0 0.025 98 229968 6 (pick-up b) (stack b a) (pick-up c) (stack c b) (pick-up d) (stack d c)
blocks-4-1 0.012 56 128576 10 (unstack b c) (put-down b) (unstack c a) (put-down c) (unstack a d) (stack a b) (pick-up c) (stack c a) (pick-up d) (stack d c)
blocks-4-2 0.012 53 121552 6 (unstack c b) (stack c d) (pick-up b) (stack b c) (pick-up a) (stack a b)
blocks-5-0 0.277 374 1642608 12 (unstack c e) (put-down c) (pick-up d) (stack d c) (unstack e b) (put-down e) (unstack b a) (stack b d) (pick-up e) (stack e b) (pick-up a) (stack a e)
blocks-5-1 0.348 425 2314528 10 (unstack b a) (put-down b) (unstack a d) (stack a e) (pick-up b) (stack b a) (pick-up c) (stack c b) (pick-up d) (stack d c)
blocks-5-2 1.000 907 6145256 16 (unstack d e) (put-down d) (unstack e c) (put-down e) (unstack c a) (put-down c) (unstack a b) (put-down a) (pick-up e) (stack e a) (pick-up b) (stack b e) (pick-up c) (stack c b) (pick-up d) (stack d c)
blocks-6-0 1.713 829 5473152 12 (unstack d a) (put-down d) (unstack f e) (stack f d) (unstack e b) (stack e f) (unstack a c) (stack a e) (pick-up b) (stack b a) (pick-up c) (stack c b)
blocks-6-1 14.255 2424 38610896 10 (unstack a f) (stack a d) (pick-up b) (stack b a) (pick-up c) (stack c b) (pick-up f) (stack f c) (pick-up e) (stack e f)
blocks-3-0 0.003 17 64712 4 (pick-up b) (stack b a) (pick-up c) (stack c b)
blocks-4-0 0.024 98 229968 6 (pick-up b) (stack b a) (pick-up c) (stack c b) (pick-up d) (stack d c)
blocks-4-1 0.012 56 128576 10 (unstack b c) (put-down b) (unstack c a) (put-down c) (unstack a d) (stack a b) (pick-up c) (stack c a) (pick-up d) (stack d c)
blocks-4-2 0.012 53 121552 6 (unstack c b) (stack c d) (pick-up b) (stack b c) (pick-up a) (stack a b)
blocks-5-0 0.269 374 1642608 12 (unstack c e) (put-down c) (pick-up d) (stack d c) (unstack e b) (put-down e) (unstack b a) (stack b d) (pick-up e) (stack e b) (pick-up a) (stack a e)
blocks-5-1 0.348 425 2314528 10 (unstack b a) (put-down b) (unstack a d) (stack a e) (pick-up b) (stack b a) (pick-up c) (stack c b) (pick-up d) (stack d c)
blocks-5-2 0.988 907 6145256 16 (unstack d e) (put-down d) (unstack e c) (put-down e) (unstack c a) (put-down c) (unstack a b) (put-down a) (pick-up e) (stack e a) (pick-up b) (stack b e) (pick-up c) (stack c b) (pick-up d) (stack d c)
blocks-6-0 1.752 829 5473152 12 (unstack d a) (put-down d) (unstack f e) (stack f d) (unstack e b) (stack e f) (unstack a c) (stack a e) (pick-up b) (stack b a) (pick-up c) (stack c b)
blocks-6-1 14.373 2424 38610896 10 (unstack a f) (stack a d) (pick-up b) (stack b a) (pick-up c) (stack c b) (pick-up f) (stack f c) (pick-up e) (stack e f)
blocks-3-0 0.002 17 64712 4 (pick-up b) (stack b a) (pick-up c) (stack c b)
blocks-4-0 0.025 98 229968 6 (pick-up b) (stack b a) (pick-up c) (stack c b) (pick-up d) (stack d c)
blocks-4-1 0.012 56 128576 10 (unstack b c) (put-down b) (unstack c a) (put-down c) (unstack a d) (stack a b) (pick-up c) (stack c a) (pick-up d) (stack d c)
blocks-4-2 0.012 53 121552 6 (unstack c b) (stack c d) (pick-up b) (stack b c) (pick-up a) (stack a b)
blocks-5-0 0.265 374 1642608 12 (unstack c e) (put-down c) (pick-up d) (stack d c) (unstack e b) (put-down e) (unstack b a) (stack b d) (pick-up e) (stack e b) (pick-up a) (stack a e)
blocks-5-1 0.349 425 2314528 10 (unstack b a) (put-down b) (unstack a d) (stack a e) (pick-up b) (stack b a) (pick-up c) (stack c b) (pick-up d) (stack d c)
blocks-5-2 1.028 907 6145256 16 (unstack d e) (put-down d) (unstack e c) (put-down e) (unstack c a) (put-down c) (unstack a b) (put-down a) (pick-up e) (stack e a) (pick-up b) (stack b e) (pick-up c) (stack c b) (pick-up d) (stack d c)
blocks-6-0 1.770 829 5473152 12 (unstack d a) (put-down d) (unstack f e) (stack f d) (unstack e b) (stack e f) (unstack a c) (stack a e) (pick-up b) (stack b a) (pick-up c) (stack c b)
blocks-6-1 14.791 2424 38610896 10 (unstack a f) (stack a d) (pick-up b) (stack b a) (pick-up c) (stack c b) (pick-up f) (stack f c) (pick-up e) (stack e f)
