blocks-3-0 0.003 57 50336 4 (pick-up b) (stack b a) (pick-up c) (stack c b)
blocks-4-0 0.036 527 71504 6 (pick-up b) (stack b a) (pick-up c) (stack c b) (pick-up d) (stack d c)
blocks-4-1 0.024 459 88008 10 (unstack b c) (put-down b) (unstack c a) (put-down c) (unstack a d) (stack a b) (pick-up c) (stack c a) (pick-up d) (stack d c)
blocks-4-2 0.021 442 70552 6 (unstack c b) (stack c d) (pick-up b) (stack b c) (pick-up a) (stack a b)
blocks-5-0 0.388 8566 108304 12 (unstack c e) (put-down c) (pick-up d) (stack d c) (unstack e b) (put-down e) (unstack b a) (stack b d) (pick-up e) (stack e b) (pick-up a) (stack a e)
blocks-5-1 0.505 11468 100624 10 (unstack b a) (put-down b) (unstack a d) (stack a e) (pick-up b) (stack b a) (pick-up c) (stack c b) (pick-up d) (stack d c)
blocks-5-2 2.459 53367 126280 16 (unstack d e) (put-down d) (unstack e c) (put-down e) (unstack c a) (put-down c) (unstack a b) (put-down a) (pick-up e) (stack e a) (pick-up b) (stack b e) (pick-up c) (stack c b) (pick-up d) (stack d c)
blocks-6-0 2.860 71469 120352 12 (unstack d a) (put-down d) (unstack f e) (stack f d) (unstack e b) (stack e f) (unstack a c) (stack a e) (pick-up b) (stack b a) (pick-up c) (stack c b)
blocks-6-1 13.555 337249 111992 10 (unstack a f) (stack a d) (pick-up b) (stack b a) (pick-up c) (stack c b) (pick-up f) (stack f c) (pick-up e) (stack e f)
blocks-6-2 264.637 6326872 117152 20 (unstack a d) (put-down a) (unstack d b) (put-down d) (unstack b f) (put-down b) (unstack f e) (put-down f) (unstack e c) (put-down e) (pick-up c) (stack c d) (pick-up b) (stack b c) (pick-up a) (stack a b) (pick-up f) (stack f a) (pick-up e) (stack e f)
blocks-3-0 0.003 57 50336 4 (pick-up b) (stack b a) (pick-up c) (stack c b)
blocks-4-0 0.026 527 71504 6 (pick-up b) (stack b a) (pick-up c) (stack c b) (pick-up d) (stack d c)
blocks-4-1 0.022 459 88008 10 (unstack b c) (put-down b) (unstack c a) (put-down c) (unstack a d) (stack a b) (pick-up c) (stack c a) (pick-up d) (stack d c)
blocks-4-2 0.021 442 70552 6 (unstack c b) (stack c d) (pick-up b) (stack b c) (pick-up a) (stack a b)
blocks-5-0 0.383 8566 108304 12 (unstack c e) (put-down c) (pick-up d) (stack d c) (unstack e b) (put-down e) (unstack b a) (stack b d) (pick-up e) (stack e b) (pick-up a) (stack a e)
blocks-5-1 0.504 11468 100624 10 (unstack b a) (put-down b) (unstack a d) (stack a e) (pick-up b) (stack b a) (pick-up c) (stack c b) (pick-up d) (stack d c)
blocks-5-2 2.446 53367 126280 16 (unstack d e) (put-down d) (unstack e c) (put-down e) (unstack c a) (put-down c) (unstack a b) (put-down a) (pick-up e) (stack e a) (pick-up b) (stack b e) (pick-up c) (stack c b) (pick-up d) (stack d c)
blocks-6-0 2.888 71469 120352 12 (unstack d a) (put-down d) (unstack f e) (stack f d) (unstack e b) (stack e f) (unstack a c) (stack a e) (pick-up b) (stack b a) (pick-up c) (stack c b)
blocks-6-1 13.384 337249 111992 10 (unstack a f) (stack a d) (pick-up b) (stack b a) (pick-up c) (stack c b) (pick-up f) (stack f c) (pick-up e) (stack e f)
blocks-6-2 263.596 6326872 117152 20 (unstack a d) (put-down a) (unstack d b) (put-down d) (unstack b f) (put-down b) (unstack f e) (put-down f) (unstack e c) (put-down e) (pick-up c) (stack c d) (pick-up b) (stack b c) (pick-up a) (stack a b) (pick-up f) (stack f a) (pick-up e) (stack e f)
blocks-3-0 0.004 57 50336 4 (pick-up b) (stack b a) (pick-up c) (stack c b)
blocks-4-0 0.037 527 71504 6 (pick-up b) (stack b a) (pick-up c) (stack c b) (pick-up d) (stack d c)
blocks-4-1 0.034 459 88008 10 (unstack b c) (put-down b) (unstack c a) (put-down c) (unstack a d) (stack a b) (pick-up c) (stack c a) (pick-up d) (stack d c)
blocks-4-2 0.022 442 70552 6 (unstack c b) (stack c d) (pick-up b) (stack b c) (pick-up a) (stack a b)
blocks-5-0 0.553 8566 108304 12 (unstack c e) (put-down c) (pick-up d) (stack d c) (unstack e b) (put-down e) (unstack b a) (stack b d) (pick-up e) (stack e b) (pick-up a) (stack a e)
blocks-5-1 0.518 11468 100624 10 (unstack b a) (put-down b) (unstack a d) (stack a e) (pick-up b) (stack b a) (pick-up c) (stack c b) (pick-up d) (stack d c)
blocks-5-2 2.492 53367 126280 16 (unstack d e) (put-down d) (unstack e c) (put-down e) (unstack c a) (put-down c) (unstack a b) (put-down a) (pick-up e) (stack e a) (pick-up b) (stack b e) (pick-up c) (stack c b) (pick-up d) (stack d c)
blocks-6-0 2.881 71469 120352 12 (unstack d a) (put-down d) (unstack f e) (stack f d) (unstack e b) (stack e f) (unstack a c) (stack a e) (pick-up b) (stack b a) (pick-up c) (stack c b)
blocks-6-1 13.554 337249 111992 10 (unstack a f) (stack a d) (pick-up b) (stack b a) (pick-up c) (stack c b) (pick-up f) (stack f c) (pick-up e) (stack e f)
blocks-6-2 267.140 6326872 117152 20 (unstack a d) (put-down a) (unstack d b) (put-down d) (unstack b f) (put-down b) (unstack f e) (put-down f) (unstack e c) (put-down e) (pick-up c) (stack c d) (pick-up b) (stack b c) (pick-up a) (stack a b) (pick-up f) (stack f a) (pick-up e) (stack e f)
