blocks-3-0 0.009 11 54336 4 (pick-up b) (stack b a) (pick-up c) (stack c b)
blocks-4-0 0.100 46 125384 6 (pick-up b) (stack b a) (pick-up c) (stack c b) (pick-up d) (stack d c)
blocks-4-1 0.050 41 99392 10 (unstack b c) (put-down b) (unstack c a) (put-down c) (unstack a d) (stack a b) (pick-up c) (stack c a) (pick-up d) (stack d c)
blocks-4-2 0.031 23 104248 6 (unstack c b) (stack c d) (pick-up b) (stack b c) (pick-up a) (stack a b)
blocks-5-0 0.788 347 1577976 12 (unstack c e) (put-down c) (unstack e b) (put-down e) (pick-up d) (stack d c) (unstack b a) (stack b d) (pick-up e) (stack e b) (pick-up a) (stack a e)
blocks-5-1 0.743 310 1449640 10 (unstack b a) (put-down b) (unstack a d) (stack a e) (pick-up b) (stack b a) (pick-up c) (stack c b) (pick-up d) (stack d c)
blocks-5-2 1.960 787 5249064 18 (unstack d e) (put-down d) (unstack e c) (stack e d) (unstack c a) (put-down c) (unstack e d) (put-down e) (unstack a b) (put-down a) (pick-up e) (stack e a) (pick-up b) (stack b e) (pick-up c) (stack c b) (pick-up d) (stack d c)
blocks-6-0 3.311 689 5044128 12 (unstack d a) (put-down d) (unstack f e) (stack f d) (unstack e b) (stack e f) (unstack a c) (stack a e) (pick-up b) (stack b a) (pick-up c) (stack c b)
blocks-6-1 29.160 2943 59553232 10 (unstack a f) (stack a d) (pick-up b) (stack b a) (pick-up c) (stack c b) (pick-up f) (stack f c) (pick-up e) (stack e f)
blocks-3-0 0.008 11 54336 4 (pick-up b) (stack b a) (pick-up c) (stack c b)
blocks-4-0 0.067 46 125384 6 (pick-up b) (stack b a) (pick-up c) (stack c b) (pick-up d) (stack d c)
blocks-4-1 0.077 41 99392 10 (unstack b c) (put-down b) (unstack c a) (put-down c) (unstack a d) (stack a b) (pick-up c) (stack c a) (pick-up d) (stack d c)
blocks-4-2 0.030 23 104248 6 (unstack c b) (stack c d) (pick-up b) (stack b c) (pick-up a) (stack a b)
blocks-5-0 0.770 347 1577976 12 (unstack c e) (put-down c) (unstack e b) (put-down e) (pick-up d) (stack d c) (unstack b a) (stack b d) (pick-up e) (stack e b) (pick-up a) (stack a e)
blocks-5-1 0.717 310 1449640 10 (unstack b a) (put-down b) (unstack a d) (stack a e) (pick-up b) (stack b a) (pick-up c) (stack c b) (pick-up d) (stack d c)
blocks-5-2 1.883 787 5249064 18 (unstack d e) (put-down d) (unstack e c) (stack e d) (unstack c a) (put-down c) (unstack e d) (put-down e) (unstack a b) (put-down a) (pick-up e) (stack e a) (pick-up b) (stack b e) (pick-up c) (stack c b) (pick-up d) (stack d c)
blocks-6-0 3.273 689 5044128 12 (unstack d a) (put-down d) (unstack f e) (stack f d) (unstack e b) (stack e f) (unstack a c) (stack a e) (pick-up b) (stack b a) (pick-up c) (stack c b)
blocks-6-1 27.503 2943 59553232 10 (unstack a f) (stack a d) (pick-up b) (stack b a) (pick-up c) (stack c b) (pick-up f) (stack f c) (pick-up e) (stack e f)
blocks-3-0 0.008 11 54336 4 (pick-up b) (stack b a) (pick-up c) (stack c b)
blocks-4-0 0.068 46 125384 6 (pick-up b) (stack b a) (pick-up c) (stack c b) (pick-up d) (stack d c)
blocks-4-1 0.048 41 99392 10 (unstack b c) (put-down b) (unstack c a) (put-down c) (unstack a d) (stack a b) (pick-up c) (stack c a) (pick-up d) (stack d c)
blocks-4-2 0.031 23 104248 6 (unstack c b) (stack c d) (pick-up b) (stack b c) (pick-up a) (stack a b)
blocks-5-0 0.784 347 1577976 12 (unstack c e) (put-down c) (unstack e b) (put-down e) (pick-up d) (stack d c) (unstack b a) (stack b d) (pick-up e) (stack e b) (pick-up a) (stack a e)
blocks-5-1 0.728 310 1449640 10 (unstack b a) (put-down b) (unstack a d) (stack a e) (pick-up b) (stack b a) (pick-up c) (stack c b) (pick-up d) (stack d c)
blocks-5-2 1.913 787 5249064 18 (unstack d e) (put-down d) (unstack e c) (stack e d) (unstack c a) (put-down c) (unstack e d) (put-down e) (unstack a b) (put-down a) (pick-up e) (stack e a) (pick-up b) (stack b e) (pick-up c) (stack c b) (pick-up d) (stack d c)
blocks-6-0 3.354 689 5044128 12 (unstack d a) (put-down d) (unstack f e) (stack f d) (unstack e b) (stack e f) (unstack a c) (stack a e) (pick-up b) (stack b a) (pick-up c) (stack c b)
blocks-6-1 28.222 2943 59553232 10 (unstack a f) (stack a d) (pick-up b) (stack b a) (pick-up c) (stack c b) (pick-up f) (stack f c) (pick-up e) (stack e f)
blocks-3-0 0.008 11 54336 4 (pick-up b) (stack b a) (pick-up c) (stack c b)
blocks-4-0 0.069 46 125384 6 (pick-up b) (stack b a) (pick-up c) (stack c b) (pick-up d) (stack d c)
blocks-4-1 0.050 41 99392 10 (unstack b c) (put-down b) (unstack c a) (put-down c) (unstack a d) (stack a b) (pick-up c) (stack c a) (pick-up d) (stack d c)
blocks-4-2 0.046 23 104248 6 (unstack c b) (stack c d) (pick-up b) (stack b c) (pick-up a) (stack a b)
blocks-5-0 0.805 347 1577976 12 (unstack c e) (put-down c) (unstack e b) (put-down e) (pick-up d) (stack d c) (unstack b a) (stack b d) (pick-up e) (stack e b) (pick-up a) (stack a e)
blocks-5-1 0.755 310 1449640 10 (unstack b a) (put-down b) (unstack a d) (stack a e) (pick-up b) (stack b a) (pick-up c) (stack c b) (pick-up d) (stack d c)
blocks-5-2 1.968 787 5249064 18 (unstack d e) (put-down d) (unstack e c) (stack e d) (unstack c a) (put-down c) (unstack e d) (put-down e) (unstack a b) (put-down a) (pick-up e) (stack e a) (pick-up b) (stack b e) (pick-up c) (stack c b) (pick-up d) (stack d c)
blocks-6-0 3.335 689 5044128 12 (unstack d a) (put-down d) (unstack f e) (stack f d) (unstack e b) (stack e f) (unstack a c) (stack a e) (pick-up b) (stack b a) (pick-up c) (stack c b)
blocks-6-1 28.052 2943 59553232 10 (unstack a f) (stack a d) (pick-up b) (stack b a) (pick-up c) (stack c b) (pick-up f) (stack f c) (pick-up e) (stack e f)
