mixed-f2-p1-u0-v0-g0-a0-n0-a0-b0-n0-f0-r0 0.001 14 74680 4 (up f0 f1) (board f1 p0) (down f1 f0) (depart f0 p0)
mixed-f2-p1-u0-v0-g0-a0-n0-a0-b0-n0-f0-r1 0.001 11 70032 3 (board f0 p0) (up f0 f1) (depart f1 p0)
mixed-f2-p1-u0-v0-g0-a0-n0-a0-b0-n0-f0-r2 0.001 14 74680 4 (up f0 f1) (board f1 p0) (down f1 f0) (depart f0 p0)
mixed-f2-p1-u0-v0-g0-a0-n0-a0-b0-n0-f0-r3 0.001 14 74680 4 (up f0 f1) (board f1 p0) (down f1 f0) (depart f0 p0)
mixed-f2-p1-u0-v0-g0-a0-n0-a0-b0-n0-f0-r4 0.002 14 74680 4 (up f0 f1) (board f1 p0) (down f1 f0) (depart f0 p0)
mixed-f2-p1-u0-v0-g0-a0-n0-a0-b0-n0-f0-r0 0.001 14 74680 4 (up f0 f1) (board f1 p0) (down f1 f0) (depart f0 p0)
mixed-f4-p2-u0-v0-g0-a0-n0-a0-b0-n0-f0-r0 0.036 1058 104280 7 (up f0 f1) (board f1 p1) (up f1 f3) (board f3 p0) (depart f3 p1) (down f3 f2) (depart f2 p0)
mixed-f4-p2-u0-v0-g0-a0-n0-a0-b0-n0-f0-r1 0.037 1028 104248 7 (board f0 p0) (up f0 f1) (depart f1 p0) (up f1 f3) (board f3 p1) (down f3 f0) (depart f0 p1)
mixed-f4-p2-u0-v0-g0-a0-n0-a0-b0-n0-f0-r2 0.042 1169 104216 7 (board f0 p1) (up f0 f2) (depart f2 p1) (up f2 f3) (board f3 p0) (down f3 f0) (depart f0 p0)
mixed-f4-p2-u0-v0-g0-a0-n0-a0-b0-n0-f0-r3 0.034 979 104376 7 (up f0 f1) (board f1 p0) (up f1 f2) (board f2 p1) (up f2 f3) (depart f3 p0) (depart f3 p1)
mixed-f4-p2-u0-v0-g0-a0-n0-a0-b0-n0-f0-r4 0.059 1781 104312 7 (up f0 f3) (board f3 p0) (down f3 f2) (board f2 p1) (depart f2 p0) (down f2 f0) (depart f0 p1)
mixed-f6-p3-u0-v0-g0-a0-n0-a0-b0-n0-f0-r0 24.892 973372 141496 10 (up f0 f3) (board f3 p1) (up f3 f5) (board f5 p2) (down f5 f1) (board f1 p0) (depart f1 p1) (depart f1 p2) (up f1 f4) (depart f4 p0)
mixed-f6-p3-u0-v0-g0-a0-n0-a0-b0-n0-f0-r1 63.972 2488076 146176 11 (up f0 f2) (board f2 p0) (up f2 f4) (board f4 p2) (down f4 f1) (depart f1 p2) (up f1 f5) (board f5 p1) (depart f5 p0) (down f5 f2) (depart f2 p1)
mixed-f6-p3-u0-v0-g0-a0-n0-a0-b0-n0-f0-r2 12.363 476401 141656 10 (up f0 f1) (board f1 p0) (up f1 f3) (board f3 p2) (up f3 f4) (board f4 p1) (down f4 f0) (depart f0 p0) (depart f0 p1) (depart f0 p2)
mixed-f6-p3-u0-v0-g0-a0-n0-a0-b0-n0-f0-r3 11.589 450343 141464 10 (board f0 p2) (up f0 f1) (board f1 p1) (up f1 f3) (depart f3 p1) (up f3 f5) (board f5 p0) (depart f5 p2) (down f5 f0) (depart f0 p0)
mixed-f6-p3-u0-v0-g0-a0-n0-a0-b0-n0-f0-r4 13.124 505543 141656 10 (board f0 p2) (up f0 f2) (board f2 p1) (up f2 f3) (board f3 p0) (down f3 f0) (depart f0 p0) (depart f0 p1) (up f0 f4) (depart f4 p2)
mixed-f2-p1-u0-v0-g0-a0-n0-a0-b0-n0-f0-r0 0.001 14 74680 4 (up f0 f1) (board f1 p0) (down f1 f0) (depart f0 p0)
mixed-f2-p1-u0-v0-g0-a0-n0-a0-b0-n0-f0-r1 0.001 11 70032 3 (board f0 p0) (up f0 f1) (depart f1 p0)
mixed-f2-p1-u0-v0-g0-a0-n0-a0-b0-n0-f0-r2 0.001 14 74680 4 (up f0 f1) (board f1 p0) (down f1 f0) (depart f0 p0)
mixed-f2-p1-u0-v0-g0-a0-n0-a0-b0-n0-f0-r3 0.001 14 74680 4 (up f0 f1) (board f1 p0) (down f1 f0) (depart f0 p0)
mixed-f2-p1-u0-v0-g0-a0-n0-a0-b0-n0-f0-r4 0.001 14 74680 4 (up f0 f1) (board f1 p0) (down f1 f0) (depart f0 p0)
mixed-f2-p1-u0-v0-g0-a0-n0-a0-b0-n0-f0-r0 0.001 14 74680 4 (up f0 f1) (board f1 p0) (down f1 f0) (depart f0 p0)
mixed-f4-p2-u0-v0-g0-a0-n0-a0-b0-n0-f0-r0 0.036 1058 104280 7 (up f0 f1) (board f1 p1) (up f1 f3) (board f3 p0) (depart f3 p1) (down f3 f2) (depart f2 p0)
mixed-f4-p2-u0-v0-g0-a0-n0-a0-b0-n0-f0-r1 0.035 1028 104248 7 (board f0 p0) (up f0 f1) (depart f1 p0) (up f1 f3) (board f3 p1) (down f3 f0) (depart f0 p1)
mixed-f4-p2-u0-v0-g0-a0-n0-a0-b0-n0-f0-r2 0.041 1169 104216 7 (board f0 p1) (up f0 f2) (depart f2 p1) (up f2 f3) (board f3 p0) (down f3 f0) (depart f0 p0)
mixed-f4-p2-u0-v0-g0-a0-n0-a0-b0-n0-f0-r3 0.033 979 104376 7 (up f0 f1) (board f1 p0) (up f1 f2) (board f2 p1) (up f2 f3) (depart f3 p0) (depart f3 p1)
mixed-f4-p2-u0-v0-g0-a0-n0-a0-b0-n0-f0-r4 0.059 1781 104312 7 (up f0 f3) (board f3 p0) (down f3 f2) (board f2 p1) (depart f2 p0) (down f2 f0) (depart f0 p1)
mixed-f6-p3-u0-v0-g0-a0-n0-a0-b0-n0-f0-r0 25.269 973372 141496 10 (up f0 f3) (board f3 p1) (up f3 f5) (board f5 p2) (down f5 f1) (board f1 p0) (depart f1 p1) (depart f1 p2) (up f1 f4) (depart f4 p0)
mixed-f6-p3-u0-v0-g0-a0-n0-a0-b0-n0-f0-r1 64.375 2488076 146176 11 (up f0 f2) (board f2 p0) (up f2 f4) (board f4 p2) (down f4 f1) (depart f1 p2) (up f1 f5) (board f5 p1) (depart f5 p0) (down f5 f2) (depart f2 p1)
mixed-f6-p3-u0-v0-g0-a0-n0-a0-b0-n0-f0-r2 12.321 476401 141656 10 (up f0 f1) (board f1 p0) (up f1 f3) (board f3 p2) (up f3 f4) (board f4 p1) (down f4 f0) (depart f0 p0) (depart f0 p1) (depart f0 p2)
mixed-f6-p3-u0-v0-g0-a0-n0-a0-b0-n0-f0-r3 11.609 450343 141464 10 (board f0 p2) (up f0 f1) (board f1 p1) (up f1 f3) (depart f3 p1) (up f3 f5) (board f5 p0) (depart f5 p2) (down f5 f0) (depart f0 p0)
mixed-f6-p3-u0-v0-g0-a0-n0-a0-b0-n0-f0-r4 13.280 505543 141656 10 (board f0 p2) (up f0 f2) (board f2 p1) (up f2 f3) (board f3 p0) (down f3 f0) (depart f0 p0) (depart f0 p1) (up f0 f4) (depart f4 p2)
mixed-f2-p1-u0-v0-g0-a0-n0-a0-b0-n0-f0-r0 0.001 14 74680 4 (up f0 f1) (board f1 p0) (down f1 f0) (depart f0 p0)
mixed-f2-p1-u0-v0-g0-a0-n0-a0-b0-n0-f0-r1 0.001 11 70032 3 (board f0 p0) (up f0 f1) (depart f1 p0)
mixed-f2-p1-u0-v0-g0-a0-n0-a0-b0-n0-f0-r2 0.001 14 74680 4 (up f0 f1) (board f1 p0) (down f1 f0) (depart f0 p0)
mixed-f2-p1-u0-v0-g0-a0-n0-a0-b0-n0-f0-r3 0.001 14 74680 4 (up f0 f1) (board f1 p0) (down f1 f0) (depart f0 p0)
mixed-f2-p1-u0-v0-g0-a0-n0-a0-b0-n0-f0-r4 0.001 14 74680 4 (up f0 f1) (board f1 p0) (down f1 f0) (depart f0 p0)
mixed-f2-p1-u0-v0-g0-a0-n0-a0-b0-n0-f0-r0 0.001 14 74680 4 (up f0 f1) (board f1 p0) (down f1 f0) (depart f0 p0)
mixed-f4-p2-u0-v0-g0-a0-n0-a0-b0-n0-f0-r0 0.038 1058 104280 7 (up f0 f1) (board f1 p1) (up f1 f3) (board f3 p0) (depart f3 p1) (down f3 f2) (depart f2 p0)
mixed-f4-p2-u0-v0-g0-a0-n0-a0-b0-n0-f0-r1 0.037 1028 104248 7 (board f0 p0) (up f0 f1) (depart f1 p0) (up f1 f3) (board f3 p1) (down f3 f0) (depart f0 p1)
mixed-f4-p2-u0-v0-g0-a0-n0-a0-b0-n0-f0-r2 0.042 1169 104216 7 (board f0 p1) (up f0 f2) (depart f2 p1) (up f2 f3) (board f3 p0) (down f3 f0) (depart f0 p0)
mixed-f4-p2-u0-v0-g0-a0-n0-a0-b0-n0-f0-r3 0.036 979 104376 7 (up f0 f1) (board f1 p0) (up f1 f2) (board f2 p1) (up f2 f3) (depart f3 p0) (depart f3 p1)
mixed-f4-p2-u0-v0-g0-a0-n0-a0-b0-n0-f0-r4 0.063 1781 104312 7 (up f0 f3) (board f3 p0) (down f3 f2) (board f2 p1) (depart f2 p0) (down f2 f0) (depart f0 p1)
mixed-f6-p3-u0-v0-g0-a0-n0-a0-b0-n0-f0-r0 25.475 973372 141496 10 (up f0 f3) (board f3 p1) (up f3 f5) (board f5 p2) (down f5 f1) (board f1 p0) (depart f1 p1) (depart f1 p2) (up f1 f4) (depart f4 p0)
mixed-f6-p3-u0-v0-g0-a0-n0-a0-b0-n0-f0-r1 66.058 2488076 146176 11 (up f0 f2) (board f2 p0) (up f2 f4) (board f4 p2) (down f4 f1) (depart f1 p2) (up f1 f5) (board f5 p1) (depart f5 p0) (down f5 f2) (depart f2 p1)
mixed-f6-p3-u0-v0-g0-a0-n0-a0-b0-n0-f0-r2 12.322 476401 141656 10 (up f0 f1) (board f1 p0) (up f1 f3) (board f3 p2) (up f3 f4) (board f4 p1) (down f4 f0) (depart f0 p0) (depart f0 p1) (depart f0 p2)
mixed-f6-p3-u0-v0-g0-a0-n0-a0-b0-n0-f0-r3 12.252 450343 141464 10 (board f0 p2) (up f0 f1) (board f1 p1) (up f1 f3) (depart f3 p1) (up f3 f5) (board f5 p0) (depart f5 p2) (down f5 f0) (depart f0 p0)
mixed-f6-p3-u0-v0-g0-a0-n0-a0-b0-n0-f0-r4 13.382 505543 141656 10 (board f0 p2) (up f0 f2) (board f2 p1) (up f2 f3) (board f3 p0) (down f3 f0) (depart f0 p0) (depart f0 p1) (up f0 f4) (depart f4 p2)
