mixed-f2-p1-u0-v0-g0-a0-n0-a0-b0-n0-f0-r0 0.002 4 64592 4 (up f0 f1) (board f1 p0) (down f1 f0) (depart f0 p0)
mixed-f2-p1-u0-v0-g0-a0-n0-a0-b0-n0-f0-r1 0.002 4 64128 3 (board f0 p0) (up f0 f1) (depart f1 p0)
mixed-f2-p1-u0-v0-g0-a0-n0-a0-b0-n0-f0-r2 0.002 4 64592 4 (up f0 f1) (board f1 p0) (down f1 f0) (depart f0 p0)
mixed-f2-p1-u0-v0-g0-a0-n0-a0-b0-n0-f0-r3 0.001 4 64592 4 (up f0 f1) (board f1 p0) (down f1 f0) (depart f0 p0)
mixed-f2-p1-u0-v0-g0-a0-n0-a0-b0-n0-f0-r4 0.001 4 64592 4 (up f0 f1) (board f1 p0) (down f1 f0) (depart f0 p0)
mixed-f2-p1-u0-v0-g0-a0-n0-a0-b0-n0-f0-r0 0.002 4 64592 4 (up f0 f1) (board f1 p0) (down f1 f0) (depart f0 p0)
mixed-f4-p2-u0-v0-g0-a0-n0-a0-b0-n0-f0-r0 0.024 29 77280 7 (up f0 f1) (board f1 p1) (up f1 f3) (board f3 p0) (depart f3 p1) (down f3 f2) (depart f2 p0)
mixed-f4-p2-u0-v0-g0-a0-n0-a0-b0-n0-f0-r1 0.016 20 131760 9 (board f0 p0) (up f0 f3) (board f3 p1) (down f3 f2) (down f2 f1) (down f1 f0) (depart f0 p1) (up f0 f1) (depart f1 p0)
mixed-f4-p2-u0-v0-g0-a0-n0-a0-b0-n0-f0-r2 0.016 20 130496 9 (board f0 p1) (up f0 f3) (board f3 p0) (down f3 f2) (down f2 f1) (down f1 f0) (depart f0 p0) (up f0 f2) (depart f2 p1)
mixed-f4-p2-u0-v0-g0-a0-n0-a0-b0-n0-f0-r3 0.017 21 135896 7 (up f0 f1) (board f1 p0) (up f1 f2) (board f2 p1) (up f2 f3) (depart f3 p0) (depart f3 p1)
mixed-f4-p2-u0-v0-g0-a0-n0-a0-b0-n0-f0-r4 0.025 29 81312 7 (up f0 f3) (board f3 p0) (down f3 f2) (board f2 p1) (depart f2 p0) (down f2 f0) (depart f0 p1)
mixed-f6-p3-u0-v0-g0-a0-n0-a0-b0-n0-f0-r0 0.530 177 880504 12 (up f0 f3) (board f3 p1) (down f3 f0) (up f0 f5) (board f5 p2) (down f5 f1) (board f1 p0) (up f1 f4) (depart f4 p0) (down f4 f1) (depart f1 p2) (depart f1 p1)
mixed-f6-p3-u0-v0-g0-a0-n0-a0-b0-n0-f0-r1 0.523 288 1329928 17 (up f0 f2) (board f2 p0) (down f2 f0) (up f0 f5) (board f5 p1) (down f5 f2) (up f2 f4) (board f4 p2) (down f4 f3) (down f3 f2) (down f2 f1) (depart f1 p2) (down f1 f0) (up f0 f5) (depart f5 p0) (down f5 f2) (depart f2 p1)
mixed-f6-p3-u0-v0-g0-a0-n0-a0-b0-n0-f0-r2 0.228 135 624088 11 (up f0 f1) (board f1 p0) (down f1 f0) (up f0 f3) (board f3 p2) (up f3 f4) (board f4 p1) (down f4 f0) (depart f0 p2) (depart f0 p0) (depart f0 p1)
mixed-f6-p3-u0-v0-g0-a0-n0-a0-b0-n0-f0-r3 0.314 196 887000 12 (board f0 p2) (up f0 f5) (board f5 p0) (down f5 f1) (board f1 p1) (up f1 f3) (depart f3 p1) (down f3 f0) (up f0 f5) (depart f5 p2) (down f5 f0) (depart f0 p0)
mixed-f6-p3-u0-v0-g0-a0-n0-a0-b0-n0-f0-r4 0.228 115 584480 10 (board f0 p2) (up f0 f3) (board f3 p0) (down f3 f2) (board f2 p1) (up f2 f4) (depart f4 p2) (down f4 f0) (depart f0 p1) (depart f0 p0)
mixed-f8-p4-u0-v0-g0-a0-n0-a0-b0-n0-f0-r0 51.634 4307 92046440 21 (up f0 f2) (board f2 p3) (down f2 f0) (up f0 f7) (board f7 p0) (down f7 f2) (down f2 f0) (up f0 f1) (board f1 p1) (board f1 p2) (down f1 f0) (up f0 f4) (depart f4 p3) (down f4 f0) (up f0 f3) (depart f3 p1) (down f3 f0) (up f0 f6) (depart f6 p0) (up f6 f7) (depart f7 p2)
mixed-f8-p4-u0-v0-g0-a0-n0-a0-b0-n0-f0-r1 12.498 1861 25079184 16 (board f0 p0) (board f0 p2) (up f0 f1) (board f1 p3) (down f1 f0) (up f0 f7) (board f7 p1) (depart f7 p2) (down f7 f0) (up f0 f4) (depart f4 p1) (down f4 f0) (up f0 f6) (depart f6 p3) (down f6 f5) (depart f5 p0)
mixed-f8-p4-u0-v0-g0-a0-n0-a0-b0-n0-f0-r2 109.513 6722 165466216 22 (up f0 f6) (board f6 p3) (down f6 f0) (up f0 f3) (board f3 p0) (down f3 f0) (up f0 f4) (board f4 p1) (down f4 f3) (down f3 f2) (down f2 f1) (board f1 p2) (up f1 f6) (depart f6 p2) (down f6 f0) (up f0 f2) (depart f2 p1) (down f2 f0) (up f0 f7) (depart f7 p3) (down f7 f0) (depart f0 p0)
mixed-f8-p4-u0-v0-g0-a0-n0-a0-b0-n0-f0-r3 118.852 6829 154558496 21 (up f0 f6) (board f6 p1) (down f6 f0) (up f0 f3) (board f3 p2) (down f3 f0) (up f0 f5) (board f5 p3) (down f5 f3) (down f3 f2) (down f2 f1) (board f1 p0) (up f1 f7) (depart f7 p0) (down f7 f0) (up f0 f3) (depart f3 p1) (down f3 f0) (depart f0 p3) (up f0 f4) (depart f4 p2)
mixed-f2-p1-u0-v0-g0-a0-n0-a0-b0-n0-f0-r0 0.002 4 64592 4 (up f0 f1) (board f1 p0) (down f1 f0) (depart f0 p0)
mixed-f2-p1-u0-v0-g0-a0-n0-a0-b0-n0-f0-r1 0.001 4 64128 3 (board f0 p0) (up f0 f1) (depart f1 p0)
mixed-f2-p1-u0-v0-g0-a0-n0-a0-b0-n0-f0-r2 0.001 4 64592 4 (up f0 f1) (board f1 p0) (down f1 f0) (depart f0 p0)
mixed-f2-p1-u0-v0-g0-a0-n0-a0-b0-n0-f0-r3 0.001 4 64592 4 (up f0 f1) (board f1 p0) (down f1 f0) (depart f0 p0)
mixed-f2-p1-u0-v0-g0-a0-n0-a0-b0-n0-f0-r4 0.002 4 64592 4 (up f0 f1) (board f1 p0) (down f1 f0) (depart f0 p0)
mixed-f2-p1-u0-v0-g0-a0-n0-a0-b0-n0-f0-r0 0.002 4 64592 4 (up f0 f1) (board f1 p0) (down f1 f0) (depart f0 p0)
mixed-f4-p2-u0-v0-g0-a0-n0-a0-b0-n0-f0-r0 0.023 29 77280 7 (up f0 f1) (board f1 p1) (up f1 f3) (board f3 p0) (depart f3 p1) (down f3 f2) (depart f2 p0)
mixed-f4-p2-u0-v0-g0-a0-n0-a0-b0-n0-f0-r1 0.016 20 131760 9 (board f0 p0) (up f0 f3) (board f3 p1) (down f3 f2) (down f2 f1) (down f1 f0) (depart f0 p1) (up f0 f1) (depart f1 p0)
mixed-f4-p2-u0-v0-g0-a0-n0-a0-b0-n0-f0-r2 0.016 20 130496 9 (board f0 p1) (up f0 f3) (board f3 p0) (down f3 f2) (down f2 f1) (down f1 f0) (depart f0 p0) (up f0 f2) (depart f2 p1)
mixed-f4-p2-u0-v0-g0-a0-n0-a0-b0-n0-f0-r3 0.017 21 135896 7 (up f0 f1) (board f1 p0) (up f1 f2) (board f2 p1) (up f2 f3) (depart f3 p0) (depart f3 p1)
mixed-f4-p2-u0-v0-g0-a0-n0-a0-b0-n0-f0-r4 0.024 29 81312 7 (up f0 f3) (board f3 p0) (down f3 f2) (board f2 p1) (depart f2 p0) (down f2 f0) (depart f0 p1)
mixed-f6-p3-u0-v0-g0-a0-n0-a0-b0-n0-f0-r0 0.314 177 880504 12 (up f0 f3) (board f3 p1) (down f3 f0) (up f0 f5) (board f5 p2) (down f5 f1) (board f1 p0) (up f1 f4) (depart f4 p0) (down f4 f1) (depart f1 p2) (depart f1 p1)
mixed-f6-p3-u0-v0-g0-a0-n0-a0-b0-n0-f0-r1 0.620 288 1329928 17 (up f0 f2) (board f2 p0) (down f2 f0) (up f0 f5) (board f5 p1) (down f5 f2) (up f2 f4) (board f4 p2) (down f4 f3) (down f3 f2) (down f2 f1) (depart f1 p2) (down f1 f0) (up f0 f5) (depart f5 p0) (down f5 f2) (depart f2 p1)
mixed-f6-p3-u0-v0-g0-a0-n0-a0-b0-n0-f0-r2 0.232 135 624088 11 (up f0 f1) (board f1 p0) (down f1 f0) (up f0 f3) (board f3 p2) (up f3 f4) (board f4 p1) (down f4 f0) (depart f0 p2) (depart f0 p0) (depart f0 p1)
mixed-f6-p3-u0-v0-g0-a0-n0-a0-b0-n0-f0-r3 0.323 196 887000 12 (board f0 p2) (up f0 f5) (board f5 p0) (down f5 f1) (board f1 p1) (up f1 f3) (depart f3 p1) (down f3 f0) (up f0 f5) (depart f5 p2) (down f5 f0) (depart f0 p0)
mixed-f6-p3-u0-v0-g0-a0-n0-a0-b0-n0-f0-r4 0.263 115 584480 10 (board f0 p2) (up f0 f3) (board f3 p0) (down f3 f2) (board f2 p1) (up f2 f4) (depart f4 p2) (down f4 f0) (depart f0 p1) (depart f0 p0)
mixed-f8-p4-u0-v0-g0-a0-n0-a0-b0-n0-f0-r0 62.445 4307 92046440 21 (up f0 f2) (board f2 p3) (down f2 f0) (up f0 f7) (board f7 p0) (down f7 f2) (down f2 f0) (up f0 f1) (board f1 p1) (board f1 p2) (down f1 f0) (up f0 f4) (depart f4 p3) (down f4 f0) (up f0 f3) (depart f3 p1) (down f3 f0) (up f0 f6) (depart f6 p0) (up f6 f7) (depart f7 p2)
mixed-f8-p4-u0-v0-g0-a0-n0-a0-b0-n0-f0-r1 12.853 1861 25079184 16 (board f0 p0) (board f0 p2) (up f0 f1) (board f1 p3) (down f1 f0) (up f0 f7) (board f7 p1) (depart f7 p2) (down f7 f0) (up f0 f4) (depart f4 p1) (down f4 f0) (up f0 f6) (depart f6 p3) (down f6 f5) (depart f5 p0)
mixed-f8-p4-u0-v0-g0-a0-n0-a0-b0-n0-f0-r2 112.362 6722 165466216 22 (up f0 f6) (board f6 p3) (down f6 f0) (up f0 f3) (board f3 p0) (down f3 f0) (up f0 f4) (board f4 p1) (down f4 f3) (down f3 f2) (down f2 f1) (board f1 p2) (up f1 f6) (depart f6 p2) (down f6 f0) (up f0 f2) (depart f2 p1) (down f2 f0) (up f0 f7) (depart f7 p3) (down f7 f0) (depart f0 p0)
mixed-f8-p4-u0-v0-g0-a0-n0-a0-b0-n0-f0-r3 122.449 6829 154558496 21 (up f0 f6) (board f6 p1) (down f6 f0) (up f0 f3) (board f3 p2) (down f3 f0) (up f0 f5) (board f5 p3) (down f5 f3) (down f3 f2) (down f2 f1) (board f1 p0) (up f1 f7) (depart f7 p0) (down f7 f0) (up f0 f3) (depart f3 p1) (down f3 f0) (depart f0 p3) (up f0 f4) (depart f4 p2)
