mixed-f2-p1-u0-v0-g0-a0-n0-a0-b0-n0-f0-r0 0.002 8 56432 4 (up f0 f1) (board f1 p0) (down f1 f0) (depart f0 p0)
mixed-f2-p1-u0-v0-g0-a0-n0-a0-b0-n0-f0-r1 0.003 9 56384 3 (board f0 p0) (up f0 f1) (depart f1 p0)
mixed-f2-p1-u0-v0-g0-a0-n0-a0-b0-n0-f0-r2 0.003 8 56432 4 (up f0 f1) (board f1 p0) (down f1 f0) (depart f0 p0)
mixed-f2-p1-u0-v0-g0-a0-n0-a0-b0-n0-f0-r3 0.003 8 56432 4 (up f0 f1) (board f1 p0) (down f1 f0) (depart f0 p0)
mixed-f2-p1-u0-v0-g0-a0-n0-a0-b0-n0-f0-r4 0.003 8 56432 4 (up f0 f1) (board f1 p0) (down f1 f0) (depart f0 p0)
mixed-f2-p1-u0-v0-g0-a0-n0-a0-b0-n0-f0-r0 0.002 8 56432 4 (up f0 f1) (board f1 p0) (down f1 f0) (depart f0 p0)
mixed-f4-p2-u0-v0-g0-a0-n0-a0-b0-n0-f0-r0 0.868 2243 89696 7 (up f0 f1) (board f1 p1) (up f1 f3) (board f3 p0) (depart f3 p1) (down f3 f2) (depart f2 p0)
mixed-f4-p2-u0-v0-g0-a0-n0-a0-b0-n0-f0-r1 1.004 2432 78536 7 (board f0 p0) (up f0 f1) (depart f1 p0) (up f1 f3) (board f3 p1) (down f3 f0) (depart f0 p1)
mixed-f4-p2-u0-v0-g0-a0-n0-a0-b0-n0-f0-r2 1.085 2706 82712 7 (board f0 p1) (up f0 f2) (depart f2 p1) (up f2 f3) (board f3 p0) (down f3 f0) (depart f0 p0)
mixed-f4-p2-u0-v0-g0-a0-n0-a0-b0-n0-f0-r3 0.757 1913 87656 7 (up f0 f1) (board f1 p0) (up f1 f2) (board f2 p1) (up f2 f3) (depart f3 p0) (depart f3 p1)
mixed-f4-p2-u0-v0-g0-a0-n0-a0-b0-n0-f0-r4 2.082 5340 39448 7 (up f0 f3) (board f3 p0) (down f3 f2) (board f2 p1) (depart f2 p0) (down f2 f0) (depart f0 p1)
mixed-f2-p1-u0-v0-g0-a0-n0-a0-b0-n0-f0-r0 0.003 8 56432 4 (up f0 f1) (board f1 p0) (down f1 f0) (depart f0 p0)
mixed-f2-p1-u0-v0-g0-a0-n0-a0-b0-n0-f0-r1 0.003 9 56384 3 (board f0 p0) (up f0 f1) (depart f1 p0)
mixed-f2-p1-u0-v0-g0-a0-n0-a0-b0-n0-f0-r2 0.002 8 56432 4 (up f0 f1) (board f1 p0) (down f1 f0) (depart f0 p0)
mixed-f2-p1-u0-v0-g0-a0-n0-a0-b0-n0-f0-r3 0.003 8 56432 4 (up f0 f1) (board f1 p0) (down f1 f0) (depart f0 p0)
mixed-f2-p1-u0-v0-g0-a0-n0-a0-b0-n0-f0-r4 0.003 8 56432 4 (up f0 f1) (board f1 p0) (down f1 f0) (depart f0 p0)
mixed-f2-p1-u0-v0-g0-a0-n0-a0-b0-n0-f0-r0 0.002 8 56432 4 (up f0 f1) (board f1 p0) (down f1 f0) (depart f0 p0)
mixed-f4-p2-u0-v0-g0-a0-n0-a0-b0-n0-f0-r0 0.865 2243 89696 7 (up f0 f1) (board f1 p1) (up f1 f3) (board f3 p0) (depart f3 p1) (down f3 f2) (depart f2 p0)
mixed-f4-p2-u0-v0-g0-a0-n0-a0-b0-n0-f0-r1 0.947 2432 78536 7 (board f0 p0) (up f0 f1) (depart f1 p0) (up f1 f3) (board f3 p1) (down f3 f0) (depart f0 p1)
mixed-f4-p2-u0-v0-g0-a0-n0-a0-b0-n0-f0-r2 1.039 2706 82712 7 (board f0 p1) (up f0 f2) (depart f2 p1) (up f2 f3) (board f3 p0) (down f3 f0) (depart f0 p0)
mixed-f4-p2-u0-v0-g0-a0-n0-a0-b0-n0-f0-r3 0.727 1913 87656 7 (up f0 f1) (board f1 p0) (up f1 f2) (board f2 p1) (up f2 f3) (depart f3 p0) (depart f3 p1)
mixed-f4-p2-u0-v0-g0-a0-n0-a0-b0-n0-f0-r4 2.029 5340 39448 7 (up f0 f3) (board f3 p0) (down f3 f2) (board f2 p1) (depart f2 p0) (down f2 f0) (depart f0 p1)
mixed-f2-p1-u0-v0-g0-a0-n0-a0-b0-n0-f0-r0 0.003 8 56432 4 (up f0 f1) (board f1 p0) (down f1 f0) (depart f0 p0)
mixed-f2-p1-u0-v0-g0-a0-n0-a0-b0-n0-f0-r1 0.003 9 56384 3 (board f0 p0) (up f0 f1) (depart f1 p0)
mixed-f2-p1-u0-v0-g0-a0-n0-a0-b0-n0-f0-r2 0.003 8 56432 4 (up f0 f1) (board f1 p0) (down f1 f0) (depart f0 p0)
mixed-f2-p1-u0-v0-g0-a0-n0-a0-b0-n0-f0-r3 0.003 8 56432 4 (up f0 f1) (board f1 p0) (down f1 f0) (depart f0 p0)
mixed-f2-p1-u0-v0-g0-a0-n0-a0-b0-n0-f0-r4 0.003 8 56432 4 (up f0 f1) (board f1 p0) (down f1 f0) (depart f0 p0)
mixed-f2-p1-u0-v0-g0-a0-n0-a0-b0-n0-f0-r0 0.003 8 56432 4 (up f0 f1) (board f1 p0) (down f1 f0) (depart f0 p0)
mixed-f4-p2-u0-v0-g0-a0-n0-a0-b0-n0-f0-r0 0.874 2243 89696 7 (up f0 f1) (board f1 p1) (up f1 f3) (board f3 p0) (depart f3 p1) (down f3 f2) (depart f2 p0)
mixed-f4-p2-u0-v0-g0-a0-n0-a0-b0-n0-f0-r1 0.963 2432 78536 7 (board f0 p0) (up f0 f1) (depart f1 p0) (up f1 f3) (board f3 p1) (down f3 f0) (depart f0 p1)
mixed-f4-p2-u0-v0-g0-a0-n0-a0-b0-n0-f0-r2 1.060 2706 82712 7 (board f0 p1) (up f0 f2) (depart f2 p1) (up f2 f3) (board f3 p0) (down f3 f0) (depart f0 p0)
mixed-f4-p2-u0-v0-g0-a0-n0-a0-b0-n0-f0-r3 0.760 1913 87656 7 (up f0 f1) (board f1 p0) (up f1 f2) (board f2 p1) (up f2 f3) (depart f3 p0) (depart f3 p1)
mixed-f4-p2-u0-v0-g0-a0-n0-a0-b0-n0-f0-r4 2.058 5340 39448 7 (up f0 f3) (board f3 p0) (down f3 f2) (board f2 p1) (depart f2 p0) (down f2 f0) (depart f0 p1)
