mixed-f2-p1-u0-v0-g0-a0-n0-a0-b0-n0-f0-r0 0.001 8 56432 4 (up f0 f1) (board f1 p0) (down f1 f0) (depart f0 p0)
mixed-f2-p1-u0-v0-g0-a0-n0-a0-b0-n0-f0-r1 0.001 9 56384 3 (board f0 p0) (up f0 f1) (depart f1 p0)
mixed-f2-p1-u0-v0-g0-a0-n0-a0-b0-n0-f0-r2 0.001 8 56432 4 (up f0 f1) (board f1 p0) (down f1 f0) (depart f0 p0)
mixed-f2-p1-u0-v0-g0-a0-n0-a0-b0-n0-f0-r3 0.001 8 56432 4 (up f0 f1) (board f1 p0) (down f1 f0) (depart f0 p0)
mixed-f2-p1-u0-v0-g0-a0-n0-a0-b0-n0-f0-r4 0.000 8 56432 4 (up f0 f1) (board f1 p0) (down f1 f0) (depart f0 p0)
mixed-f2-p1-u0-v0-g0-a0-n0-a0-b0-n0-f0-r0 0.001 8 56432 4 (up f0 f1) (board f1 p0) (down f1 f0) (depart f0 p0)
mixed-f4-p2-u0-v0-g0-a0-n0-a0-b0-n0-f0-r0 0.087 2243 89696 7 (up f0 f1) (board f1 p1) (up f1 f3) (board f3 p0) (depart f3 p1) (down f3 f2) (depart f2 p0)
mixed-f4-p2-u0-v0-g0-a0-n0-a0-b0-n0-f0-r1 0.094 2432 78536 7 (board f0 p0) (up f0 f1) (depart f1 p0) (up f1 f3) (board f3 p1) (down f3 f0) (depart f0 p1)
mixed-f4-p2-u0-v0-g0-a0-n0-a0-b0-n0-f0-r2 0.104 2706 82712 7 (board f0 p1) (up f0 f2) (depart f2 p1) (up f2 f3) (board f3 p0) (down f3 f0) (depart f0 p0)
mixed-f4-p2-u0-v0-g0-a0-n0-a0-b0-n0-f0-r3 0.074 1913 87656 7 (up f0 f1) (board f1 p0) (up f1 f2) (board f2 p1) (up f2 f3) (depart f3 p0) (depart f3 p1)
mixed-f4-p2-u0-v0-g0-a0-n0-a0-b0-n0-f0-r4 0.213 5340 101504 7 (up f0 f3) (board f3 p0) (down f3 f2) (board f2 p1) (depart f2 p0) (down f2 f0) (depart f0 p1)
mixed-f6-p3-u0-v0-g0-a0-n0-a0-b0-n0-f0-r0 128.096 3957999 340528 10 (up f0 f3) (board f3 p1) (up f3 f5) (board f5 p2) (down f5 f1) (board f1 p0) (depart f1 p1) (depart f1 p2) (up f1 f4) (depart f4 p0)
mixed-f6-p3-u0-v0-g0-a0-n0-a0-b0-n0-f0-r1 378.610 11803426 457144 11 (up f0 f2) (board f2 p0) (up f2 f4) (board f4 p2) (down f4 f1) (depart f1 p2) (up f1 f5) (board f5 p1) (depart f5 p0) (down f5 f2) (depart f2 p1)
mixed-f6-p3-u0-v0-g0-a0-n0-a0-b0-n0-f0-r2 57.668 1799859 143752 10 (up f0 f1) (board f1 p0) (up f1 f3) (board f3 p2) (up f3 f4) (board f4 p1) (down f4 f0) (depart f0 p0) (depart f0 p1) (depart f0 p2)
mixed-f6-p3-u0-v0-g0-a0-n0-a0-b0-n0-f0-r3 64.027 2021340 151888 10 (board f0 p2) (up f0 f1) (board f1 p1) (up f1 f3) (depart f3 p1) (up f3 f5) (board f5 p0) (depart f5 p2) (down f5 f0) (depart f0 p0)
mixed-f6-p3-u0-v0-g0-a0-n0-a0-b0-n0-f0-r4 69.071 2128040 100576 10 (board f0 p2) (up f0 f2) (board f2 p1) (up f2 f3) (board f3 p0) (down f3 f0) (depart f0 p0) (depart f0 p1) (up f0 f4) (depart f4 p2)
mixed-f2-p1-u0-v0-g0-a0-n0-a0-b0-n0-f0-r0 0.001 8 56432 4 (up f0 f1) (board f1 p0) (down f1 f0) (depart f0 p0)
mixed-f2-p1-u0-v0-g0-a0-n0-a0-b0-n0-f0-r1 0.000 9 56384 3 (board f0 p0) (up f0 f1) (depart f1 p0)
mixed-f2-p1-u0-v0-g0-a0-n0-a0-b0-n0-f0-r2 0.001 8 56432 4 (up f0 f1) (board f1 p0) (down f1 f0) (depart f0 p0)
mixed-f2-p1-u0-v0-g0-a0-n0-a0-b0-n0-f0-r3 0.001 8 56432 4 (up f0 f1) (board f1 p0) (down f1 f0) (depart f0 p0)
mixed-f2-p1-u0-v0-g0-a0-n0-a0-b0-n0-f0-r4 0.000 8 56432 4 (up f0 f1) (board f1 p0) (down f1 f0) (depart f0 p0)
mixed-f2-p1-u0-v0-g0-a0-n0-a0-b0-n0-f0-r0 0.001 8 56432 4 (up f0 f1) (board f1 p0) (down f1 f0) (depart f0 p0)
mixed-f4-p2-u0-v0-g0-a0-n0-a0-b0-n0-f0-r0 0.089 2243 89696 7 (up f0 f1) (board f1 p1) (up f1 f3) (board f3 p0) (depart f3 p1) (down f3 f2) (depart f2 p0)
mixed-f4-p2-u0-v0-g0-a0-n0-a0-b0-n0-f0-r1 0.097 2432 78536 7 (board f0 p0) (up f0 f1) (depart f1 p0) (up f1 f3) (board f3 p1) (down f3 f0) (depart f0 p1)
mixed-f4-p2-u0-v0-g0-a0-n0-a0-b0-n0-f0-r2 0.107 2706 82712 7 (board f0 p1) (up f0 f2) (depart f2 p1) (up f2 f3) (board f3 p0) (down f3 f0) (depart f0 p0)
mixed-f4-p2-u0-v0-g0-a0-n0-a0-b0-n0-f0-r3 0.076 1913 87656 7 (up f0 f1) (board f1 p0) (up f1 f2) (board f2 p1) (up f2 f3) (depart f3 p0) (depart f3 p1)
mixed-f4-p2-u0-v0-g0-a0-n0-a0-b0-n0-f0-r4 0.214 5340 101504 7 (up f0 f3) (board f3 p0) (down f3 f2) (board f2 p1) (depart f2 p0) (down f2 f0) (depart f0 p1)
mixed-f6-p3-u0-v0-g0-a0-n0-a0-b0-n0-f0-r0 125.757 3957999 340528 10 (up f0 f3) (board f3 p1) (up f3 f5) (board f5 p2) (down f5 f1) (board f1 p0) (depart f1 p1) (depart f1 p2) (up f1 f4) (depart f4 p0)
mixed-f6-p3-u0-v0-g0-a0-n0-a0-b0-n0-f0-r1 378.845 11803426 457144 11 (up f0 f2) (board f2 p0) (up f2 f4) (board f4 p2) (down f4 f1) (depart f1 p2) (up f1 f5) (board f5 p1) (depart f5 p0) (down f5 f2) (depart f2 p1)
mixed-f6-p3-u0-v0-g0-a0-n0-a0-b0-n0-f0-r2 58.045 1799859 143752 10 (up f0 f1) (board f1 p0) (up f1 f3) (board f3 p2) (up f3 f4) (board f4 p1) (down f4 f0) (depart f0 p0) (depart f0 p1) (depart f0 p2)
mixed-f6-p3-u0-v0-g0-a0-n0-a0-b0-n0-f0-r3 64.577 2021340 151888 10 (board f0 p2) (up f0 f1) (board f1 p1) (up f1 f3) (depart f3 p1) (up f3 f5) (board f5 p0) (depart f5 p2) (down f5 f0) (depart f0 p0)
mixed-f6-p3-u0-v0-g0-a0-n0-a0-b0-n0-f0-r4 67.762 2128040 100576 10 (board f0 p2) (up f0 f2) (board f2 p1) (up f2 f3) (board f3 p0) (down f3 f0) (depart f0 p0) (depart f0 p1) (up f0 f4) (depart f4 p2)
mixed-f2-p1-u0-v0-g0-a0-n0-a0-b0-n0-f0-r0 0.001 8 56432 4 (up f0 f1) (board f1 p0) (down f1 f0) (depart f0 p0)
mixed-f2-p1-u0-v0-g0-a0-n0-a0-b0-n0-f0-r1 0.001 9 56384 3 (board f0 p0) (up f0 f1) (depart f1 p0)
mixed-f2-p1-u0-v0-g0-a0-n0-a0-b0-n0-f0-r2 0.001 8 56432 4 (up f0 f1) (board f1 p0) (down f1 f0) (depart f0 p0)
mixed-f2-p1-u0-v0-g0-a0-n0-a0-b0-n0-f0-r3 0.001 8 56432 4 (up f0 f1) (board f1 p0) (down f1 f0) (depart f0 p0)
mixed-f2-p1-u0-v0-g0-a0-n0-a0-b0-n0-f0-r4 0.001 8 56432 4 (up f0 f1) (board f1 p0) (down f1 f0) (depart f0 p0)
mixed-f2-p1-u0-v0-g0-a0-n0-a0-b0-n0-f0-r0 0.001 8 56432 4 (up f0 f1) (board f1 p0) (down f1 f0) (depart f0 p0)
mixed-f4-p2-u0-v0-g0-a0-n0-a0-b0-n0-f0-r0 0.091 2243 89696 7 (up f0 f1) (board f1 p1) (up f1 f3) (board f3 p0) (depart f3 p1) (down f3 f2) (depart f2 p0)
mixed-f4-p2-u0-v0-g0-a0-n0-a0-b0-n0-f0-r1 0.101 2432 78536 7 (board f0 p0) (up f0 f1) (depart f1 p0) (up f1 f3) (board f3 p1) (down f3 f0) (depart f0 p1)
mixed-f4-p2-u0-v0-g0-a0-n0-a0-b0-n0-f0-r2 0.111 2706 82712 7 (board f0 p1) (up f0 f2) (depart f2 p1) (up f2 f3) (board f3 p0) (down f3 f0) (depart f0 p0)
mixed-f4-p2-u0-v0-g0-a0-n0-a0-b0-n0-f0-r3 0.078 1913 87656 7 (up f0 f1) (board f1 p0) (up f1 f2) (board f2 p1) (up f2 f3) (depart f3 p0) (depart f3 p1)
mixed-f4-p2-u0-v0-g0-a0-n0-a0-b0-n0-f0-r4 0.216 5340 101504 7 (up f0 f3) (board f3 p0) (down f3 f2) (board f2 p1) (depart f2 p0) (down f2 f0) (depart f0 p1)
mixed-f6-p3-u0-v0-g0-a0-n0-a0-b0-n0-f0-r0 142.126 3957999 340528 10 (up f0 f3) (board f3 p1) (up f3 f5) (board f5 p2) (down f5 f1) (board f1 p0) (depart f1 p1) (depart f1 p2) (up f1 f4) (depart f4 p0)
mixed-f6-p3-u0-v0-g0-a0-n0-a0-b0-n0-f0-r1 393.381 11803426 457144 11 (up f0 f2) (board f2 p0) (up f2 f4) (board f4 p2) (down f4 f1) (depart f1 p2) (up f1 f5) (board f5 p1) (depart f5 p0) (down f5 f2) (depart f2 p1)
mixed-f6-p3-u0-v0-g0-a0-n0-a0-b0-n0-f0-r2 59.775 1799859 143752 10 (up f0 f1) (board f1 p0) (up f1 f3) (board f3 p2) (up f3 f4) (board f4 p1) (down f4 f0) (depart f0 p0) (depart f0 p1) (depart f0 p2)
mixed-f6-p3-u0-v0-g0-a0-n0-a0-b0-n0-f0-r3 66.096 2021340 151888 10 (board f0 p2) (up f0 f1) (board f1 p1) (up f1 f3) (depart f3 p1) (up f3 f5) (board f5 p0) (depart f5 p2) (down f5 f0) (depart f0 p0)
mixed-f6-p3-u0-v0-g0-a0-n0-a0-b0-n0-f0-r4 72.641 2128040 100576 10 (board f0 p2) (up f0 f2) (board f2 p1) (up f2 f3) (board f3 p0) (down f3 f0) (depart f0 p0) (depart f0 p1) (up f0 f4) (depart f4 p2)
