mixed-f2-p1-u0-v0-g0-a0-n0-a0-b0-n0-f0-r0 0.001 4 64592 4 (up f0 f1) (board f1 p0) (down f1 f0) (depart f0 p0)
mixed-f2-p1-u0-v0-g0-a0-n0-a0-b0-n0-f0-r1 0.000 4 64128 3 (board f0 p0) (up f0 f1) (depart f1 p0)
mixed-f2-p1-u0-v0-g0-a0-n0-a0-b0-n0-f0-r2 0.001 4 64592 4 (up f0 f1) (board f1 p0) (down f1 f0) (depart f0 p0)
mixed-f2-p1-u0-v0-g0-a0-n0-a0-b0-n0-f0-r3 0.000 4 64592 4 (up f0 f1) (board f1 p0) (down f1 f0) (depart f0 p0)
mixed-f2-p1-u0-v0-g0-a0-n0-a0-b0-n0-f0-r4 0.001 4 64592 4 (up f0 f1) (board f1 p0) (down f1 f0) (depart f0 p0)
mixed-f2-p1-u0-v0-g0-a0-n0-a0-b0-n0-f0-r0 0.000 4 64592 4 (up f0 f1) (board f1 p0) (down f1 f0) (depart f0 p0)
mixed-f4-p2-u0-v0-g0-a0-n0-a0-b0-n0-f0-r0 0.029 105 288648 9 (up f0 f1) (board f1 p1) (down f1 f0) (up f0 f3) (board f3 p0) (depart f3 p1) (down f3 f0) (up f0 f2) (depart f2 p0)
mixed-f4-p2-u0-v0-g0-a0-n0-a0-b0-n0-f0-r1 0.020 85 222752 7 (board f0 p0) (up f0 f3) (board f3 p1) (down f3 f0) (depart f0 p1) (up f0 f1) (depart f1 p0)
mixed-f4-p2-u0-v0-g0-a0-n0-a0-b0-n0-f0-r2 0.019 82 212688 7 (board f0 p1) (up f0 f3) (board f3 p0) (down f3 f0) (depart f0 p0) (up f0 f2) (depart f2 p1)
mixed-f4-p2-u0-v0-g0-a0-n0-a0-b0-n0-f0-r3 0.017 71 187768 10 (up f0 f1) (board f1 p0) (down f1 f0) (up f0 f2) (board f2 p1) (down f2 f1) (down f1 f0) (up f0 f3) (depart f3 p1) (depart f3 p0)
mixed-f4-p2-u0-v0-g0-a0-n0-a0-b0-n0-f0-r4 0.027 101 290152 9 (up f0 f2) (board f2 p1) (down f2 f0) (up f0 f3) (board f3 p0) (down f3 f2) (depart f2 p0) (down f2 f0) (depart f0 p1)
mixed-f6-p3-u0-v0-g0-a0-n0-a0-b0-n0-f0-r0 4.146 1672 14059432 14 (up f0 f3) (board f3 p1) (down f3 f0) (up f0 f5) (board f5 p2) (down f5 f3) (down f3 f0) (up f0 f1) (board f1 p0) (depart f1 p2) (depart f1 p1) (down f1 f0) (up f0 f4) (depart f4 p0)
mixed-f6-p3-u0-v0-g0-a0-n0-a0-b0-n0-f0-r1 5.331 2058 17663448 15 (up f0 f4) (board f4 p2) (down f4 f0) (up f0 f2) (board f2 p0) (down f2 f0) (up f0 f5) (board f5 p1) (depart f5 p0) (down f5 f4) (down f4 f0) (up f0 f2) (depart f2 p1) (down f2 f1) (depart f1 p2)
mixed-f6-p3-u0-v0-g0-a0-n0-a0-b0-n0-f0-r2 3.257 1421 11631752 15 (up f0 f1) (board f1 p0) (down f1 f0) (up f0 f3) (board f3 p2) (down f3 f1) (down f1 f0) (up f0 f4) (board f4 p1) (down f4 f3) (down f3 f1) (down f1 f0) (depart f0 p1) (depart f0 p0) (depart f0 p2)
mixed-f6-p3-u0-v0-g0-a0-n0-a0-b0-n0-f0-r3 3.613 1608 13211576 11 (board f0 p2) (up f0 f5) (board f5 p0) (depart f5 p2) (down f5 f0) (up f0 f1) (board f1 p1) (down f1 f0) (depart f0 p0) (up f0 f3) (depart f3 p1)
mixed-f6-p3-u0-v0-g0-a0-n0-a0-b0-n0-f0-r4 4.084 1709 13596936 11 (board f0 p2) (up f0 f3) (board f3 p0) (down f3 f0) (up f0 f2) (board f2 p1) (down f2 f0) (depart f0 p1) (depart f0 p0) (up f0 f4) (depart f4 p2)
mixed-f2-p1-u0-v0-g0-a0-n0-a0-b0-n0-f0-r0 0.001 4 64592 4 (up f0 f1) (board f1 p0) (down f1 f0) (depart f0 p0)
mixed-f2-p1-u0-v0-g0-a0-n0-a0-b0-n0-f0-r1 0.001 4 64128 3 (board f0 p0) (up f0 f1) (depart f1 p0)
mixed-f2-p1-u0-v0-g0-a0-n0-a0-b0-n0-f0-r2 0.000 4 64592 4 (up f0 f1) (board f1 p0) (down f1 f0) (depart f0 p0)
mixed-f2-p1-u0-v0-g0-a0-n0-a0-b0-n0-f0-r3 0.001 4 64592 4 (up f0 f1) (board f1 p0) (down f1 f0) (depart f0 p0)
mixed-f2-p1-u0-v0-g0-a0-n0-a0-b0-n0-f0-r4 0.000 4 64592 4 (up f0 f1) (board f1 p0) (down f1 f0) (depart f0 p0)
mixed-f2-p1-u0-v0-g0-a0-n0-a0-b0-n0-f0-r0 0.001 4 64592 4 (up f0 f1) (board f1 p0) (down f1 f0) (depart f0 p0)
mixed-f4-p2-u0-v0-g0-a0-n0-a0-b0-n0-f0-r0 0.044 105 288648 9 (up f0 f1) (board f1 p1) (down f1 f0) (up f0 f3) (board f3 p0) (depart f3 p1) (down f3 f0) (up f0 f2) (depart f2 p0)
mixed-f4-p2-u0-v0-g0-a0-n0-a0-b0-n0-f0-r1 0.021 85 222752 7 (board f0 p0) (up f0 f3) (board f3 p1) (down f3 f0) (depart f0 p1) (up f0 f1) (depart f1 p0)
mixed-f4-p2-u0-v0-g0-a0-n0-a0-b0-n0-f0-r2 0.030 82 212688 7 (board f0 p1) (up f0 f3) (board f3 p0) (down f3 f0) (depart f0 p0) (up f0 f2) (depart f2 p1)
mixed-f4-p2-u0-v0-g0-a0-n0-a0-b0-n0-f0-r3 0.016 71 187768 10 (up f0 f1) (board f1 p0) (down f1 f0) (up f0 f2) (board f2 p1) (down f2 f1) (down f1 f0) (up f0 f3) (depart f3 p1) (depart f3 p0)
mixed-f4-p2-u0-v0-g0-a0-n0-a0-b0-n0-f0-r4 0.027 101 290152 9 (up f0 f2) (board f2 p1) (down f2 f0) (up f0 f3) (board f3 p0) (down f3 f2) (depart f2 p0) (down f2 f0) (depart f0 p1)
mixed-f6-p3-u0-v0-g0-a0-n0-a0-b0-n0-f0-r0 4.036 1672 14059432 14 (up f0 f3) (board f3 p1) (down f3 f0) (up f0 f5) (board f5 p2) (down f5 f3) (down f3 f0) (up f0 f1) (board f1 p0) (depart f1 p2) (depart f1 p1) (down f1 f0) (up f0 f4) (depart f4 p0)
mixed-f6-p3-u0-v0-g0-a0-n0-a0-b0-n0-f0-r1 5.152 2058 17663448 15 (up f0 f4) (board f4 p2) (down f4 f0) (up f0 f2) (board f2 p0) (down f2 f0) (up f0 f5) (board f5 p1) (depart f5 p0) (down f5 f4) (down f4 f0) (up f0 f2) (depart f2 p1) (down f2 f1) (depart f1 p2)
mixed-f6-p3-u0-v0-g0-a0-n0-a0-b0-n0-f0-r2 3.143 1421 11631752 15 (up f0 f1) (board f1 p0) (down f1 f0) (up f0 f3) (board f3 p2) (down f3 f1) (down f1 f0) (up f0 f4) (board f4 p1) (down f4 f3) (down f3 f1) (down f1 f0) (depart f0 p1) (depart f0 p0) (depart f0 p2)
mixed-f6-p3-u0-v0-g0-a0-n0-a0-b0-n0-f0-r3 3.544 1608 13211576 11 (board f0 p2) (up f0 f5) (board f5 p0) (depart f5 p2) (down f5 f0) (up f0 f1) (board f1 p1) (down f1 f0) (depart f0 p0) (up f0 f3) (depart f3 p1)
mixed-f6-p3-u0-v0-g0-a0-n0-a0-b0-n0-f0-r4 3.937 1709 13596936 11 (board f0 p2) (up f0 f3) (board f3 p0) (down f3 f0) (up f0 f2) (board f2 p1) (down f2 f0) (depart f0 p1) (depart f0 p0) (up f0 f4) (depart f4 p2)
mixed-f2-p1-u0-v0-g0-a0-n0-a0-b0-n0-f0-r0 0.001 4 64592 4 (up f0 f1) (board f1 p0) (down f1 f0) (depart f0 p0)
mixed-f2-p1-u0-v0-g0-a0-n0-a0-b0-n0-f0-r1 0.001 4 64128 3 (board f0 p0) (up f0 f1) (depart f1 p0)
mixed-f2-p1-u0-v0-g0-a0-n0-a0-b0-n0-f0-r2 0.001 4 64592 4 (up f0 f1) (board f1 p0) (down f1 f0) (depart f0 p0)
mixed-f2-p1-u0-v0-g0-a0-n0-a0-b0-n0-f0-r3 0.001 4 64592 4 (up f0 f1) (board f1 p0) (down f1 f0) (depart f0 p0)
mixed-f2-p1-u0-v0-g0-a0-n0-a0-b0-n0-f0-r4 0.001 4 64592 4 (up f0 f1) (board f1 p0) (down f1 f0) (depart f0 p0)
mixed-f2-p1-u0-v0-g0-a0-n0-a0-b0-n0-f0-r0 0.001 4 64592 4 (up f0 f1) (board f1 p0) (down f1 f0) (depart f0 p0)
mixed-f4-p2-u0-v0-g0-a0-n0-a0-b0-n0-f0-r0 0.030 105 288648 9 (up f0 f1) (board f1 p1) (down f1 f0) (up f0 f3) (board f3 p0) (depart f3 p1) (down f3 f0) (up f0 f2) (depart f2 p0)
mixed-f4-p2-u0-v0-g0-a0-n0-a0-b0-n0-f0-r1 0.020 85 222752 7 (board f0 p0) (up f0 f3) (board f3 p1) (down f3 f0) (depart f0 p1) (up f0 f1) (depart f1 p0)
mixed-f4-p2-u0-v0-g0-a0-n0-a0-b0-n0-f0-r2 0.019 82 212688 7 (board f0 p1) (up f0 f3) (board f3 p0) (down f3 f0) (depart f0 p0) (up f0 f2) (depart f2 p1)
mixed-f4-p2-u0-v0-g0-a0-n0-a0-b0-n0-f0-r3 0.016 71 187768 10 (up f0 f1) (board f1 p0) (down f1 f0) (up f0 f2) (board f2 p1) (down f2 f1) (down f1 f0) (up f0 f3) (depart f3 p1) (depart f3 p0)
mixed-f4-p2-u0-v0-g0-a0-n0-a0-b0-n0-f0-r4 0.027 101 290152 9 (up f0 f2) (board f2 p1) (down f2 f0) (up f0 f3) (board f3 p0) (down f3 f2) (depart f2 p0) (down f2 f0) (depart f0 p1)
mixed-f6-p3-u0-v0-g0-a0-n0-a0-b0-n0-f0-r0 4.071 1672 14059432 14 (up f0 f3) (board f3 p1) (down f3 f0) (up f0 f5) (board f5 p2) (down f5 f3) (down f3 f0) (up f0 f1) (board f1 p0) (depart f1 p2) (depart f1 p1) (down f1 f0) (up f0 f4) (depart f4 p0)
mixed-f6-p3-u0-v0-g0-a0-n0-a0-b0-n0-f0-r1 5.084 2058 17663448 15 (up f0 f4) (board f4 p2) (down f4 f0) (up f0 f2) (board f2 p0) (down f2 f0) (up f0 f5) (board f5 p1) (depart f5 p0) (down f5 f4) (down f4 f0) (up f0 f2) (depart f2 p1) (down f2 f1) (depart f1 p2)
mixed-f6-p3-u0-v0-g0-a0-n0-a0-b0-n0-f0-r2 4.313 1421 11631752 15 (up f0 f1) (board f1 p0) (down f1 f0) (up f0 f3) (board f3 p2) (down f3 f1) (down f1 f0) (up f0 f4) (board f4 p1) (down f4 f3) (down f3 f1) (down f1 f0) (depart f0 p1) (depart f0 p0) (depart f0 p2)
mixed-f6-p3-u0-v0-g0-a0-n0-a0-b0-n0-f0-r3 3.487 1608 13211576 11 (board f0 p2) (up f0 f5) (board f5 p0) (depart f5 p2) (down f5 f0) (up f0 f1) (board f1 p1) (down f1 f0) (depart f0 p0) (up f0 f3) (depart f3 p1)
mixed-f6-p3-u0-v0-g0-a0-n0-a0-b0-n0-f0-r4 3.888 1709 13596936 11 (board f0 p2) (up f0 f3) (board f3 p0) (down f3 f0) (up f0 f2) (board f2 p1) (down f2 f0) (depart f0 p1) (depart f0 p0) (up f0 f4) (depart f4 p2)
mixed-f2-p1-u0-v0-g0-a0-n0-a0-b0-n0-f0-r0 0.001 4 64592 4 (up f0 f1) (board f1 p0) (down f1 f0) (depart f0 p0)
mixed-f2-p1-u0-v0-g0-a0-n0-a0-b0-n0-f0-r1 0.001 4 64128 3 (board f0 p0) (up f0 f1) (depart f1 p0)
mixed-f2-p1-u0-v0-g0-a0-n0-a0-b0-n0-f0-r2 0.000 4 64592 4 (up f0 f1) (board f1 p0) (down f1 f0) (depart f0 p0)
mixed-f2-p1-u0-v0-g0-a0-n0-a0-b0-n0-f0-r3 0.001 4 64592 4 (up f0 f1) (board f1 p0) (down f1 f0) (depart f0 p0)
mixed-f2-p1-u0-v0-g0-a0-n0-a0-b0-n0-f0-r4 0.000 4 64592 4 (up f0 f1) (board f1 p0) (down f1 f0) (depart f0 p0)
mixed-f2-p1-u0-v0-g0-a0-n0-a0-b0-n0-f0-r0 0.000 4 64592 4 (up f0 f1) (board f1 p0) (down f1 f0) (depart f0 p0)
mixed-f4-p2-u0-v0-g0-a0-n0-a0-b0-n0-f0-r0 0.028 105 288648 9 (up f0 f1) (board f1 p1) (down f1 f0) (up f0 f3) (board f3 p0) (depart f3 p1) (down f3 f0) (up f0 f2) (depart f2 p0)
mixed-f4-p2-u0-v0-g0-a0-n0-a0-b0-n0-f0-r1 0.020 85 222752 7 (board f0 p0) (up f0 f3) (board f3 p1) (down f3 f0) (depart f0 p1) (up f0 f1) (depart f1 p0)
mixed-f4-p2-u0-v0-g0-a0-n0-a0-b0-n0-f0-r2 0.019 82 212688 7 (board f0 p1) (up f0 f3) (board f3 p0) (down f3 f0) (depart f0 p0) (up f0 f2) (depart f2 p1)
mixed-f4-p2-u0-v0-g0-a0-n0-a0-b0-n0-f0-r3 0.016 71 187768 10 (up f0 f1) (board f1 p0) (down f1 f0) (up f0 f2) (board f2 p1) (down f2 f1) (down f1 f0) (up f0 f3) (depart f3 p1) (depart f3 p0)
mixed-f4-p2-u0-v0-g0-a0-n0-a0-b0-n0-f0-r4 0.026 101 290152 9 (up f0 f2) (board f2 p1) (down f2 f0) (up f0 f3) (board f3 p0) (down f3 f2) (depart f2 p0) (down f2 f0) (depart f0 p1)
mixed-f6-p3-u0-v0-g0-a0-n0-a0-b0-n0-f0-r0 4.025 1672 14059432 14 (up f0 f3) (board f3 p1) (down f3 f0) (up f0 f5) (board f5 p2) (down f5 f3) (down f3 f0) (up f0 f1) (board f1 p0) (depart f1 p2) (depart f1 p1) (down f1 f0) (up f0 f4) (depart f4 p0)
mixed-f6-p3-u0-v0-g0-a0-n0-a0-b0-n0-f0-r1 5.120 2058 17663448 15 (up f0 f4) (board f4 p2) (down f4 f0) (up f0 f2) (board f2 p0) (down f2 f0) (up f0 f5) (board f5 p1) (depart f5 p0) (down f5 f4) (down f4 f0) (up f0 f2) (depart f2 p1) (down f2 f1) (depart f1 p2)
mixed-f6-p3-u0-v0-g0-a0-n0-a0-b0-n0-f0-r2 3.088 1421 11631752 15 (up f0 f1) (board f1 p0) (down f1 f0) (up f0 f3) (board f3 p2) (down f3 f1) (down f1 f0) (up f0 f4) (board f4 p1) (down f4 f3) (down f3 f1) (down f1 f0) (depart f0 p1) (depart f0 p0) (depart f0 p2)
mixed-f6-p3-u0-v0-g0-a0-n0-a0-b0-n0-f0-r3 3.599 1608 13211576 11 (board f0 p2) (up f0 f5) (board f5 p0) (depart f5 p2) (down f5 f0) (up f0 f1) (board f1 p1) (down f1 f0) (depart f0 p0) (up f0 f3) (depart f3 p1)
mixed-f6-p3-u0-v0-g0-a0-n0-a0-b0-n0-f0-r4 3.966 1709 13596936 11 (board f0 p2) (up f0 f3) (board f3 p0) (down f3 f0) (up f0 f2) (board f2 p1) (down f2 f0) (depart f0 p1) (depart f0 p0) (up f0 f4) (depart f4 p2)
