mixed-f2-p1-u0-v0-g0-a0-n0-a0-b0-n0-f0-r0 0.000 4 64592 4 (up f0 f1) (board f1 p0) (down f1 f0) (depart f0 p0)
mixed-f2-p1-u0-v0-g0-a0-n0-a0-b0-n0-f0-r1 0.001 4 64128 3 (board f0 p0) (up f0 f1) (depart f1 p0)
mixed-f2-p1-u0-v0-g0-a0-n0-a0-b0-n0-f0-r2 0.001 4 64592 4 (up f0 f1) (board f1 p0) (down f1 f0) (depart f0 p0)
mixed-f2-p1-u0-v0-g0-a0-n0-a0-b0-n0-f0-r3 0.000 4 64592 4 (up f0 f1) (board f1 p0) (down f1 f0) (depart f0 p0)
mixed-f2-p1-u0-v0-g0-a0-n0-a0-b0-n0-f0-r4 0.001 4 64592 4 (up f0 f1) (board f1 p0) (down f1 f0) (depart f0 p0)
mixed-f2-p1-u0-v0-g0-a0-n0-a0-b0-n0-f0-r0 0.001 4 64592 4 (up f0 f1) (board f1 p0) (down f1 f0) (depart f0 p0)
mixed-f4-p2-u0-v0-g0-a0-n0-a0-b0-n0-f0-r0 0.017 72 159424 8 (up f0 f1) (board f1 p1) (down f1 f0) (up f0 f3) (board f3 p0) (depart f3 p1) (down f3 f2) (depart f2 p0)
mixed-f4-p2-u0-v0-g0-a0-n0-a0-b0-n0-f0-r1 0.017 73 177336 7 (board f0 p0) (up f0 f3) (board f3 p1) (down f3 f0) (depart f0 p1) (up f0 f1) (depart f1 p0)
mixed-f4-p2-u0-v0-g0-a0-n0-a0-b0-n0-f0-r2 0.016 71 175000 7 (board f0 p1) (up f0 f3) (board f3 p0) (down f3 f0) (depart f0 p0) (up f0 f2) (depart f2 p1)
mixed-f4-p2-u0-v0-g0-a0-n0-a0-b0-n0-f0-r3 0.013 58 149296 9 (up f0 f1) (board f1 p0) (down f1 f0) (up f0 f2) (board f2 p1) (down f2 f1) (up f1 f3) (depart f3 p1) (depart f3 p0)
mixed-f4-p2-u0-v0-g0-a0-n0-a0-b0-n0-f0-r4 0.015 70 161344 10 (up f0 f2) (board f2 p1) (down f2 f0) (up f0 f3) (board f3 p0) (down f3 f2) (depart f2 p0) (down f2 f1) (down f1 f0) (depart f0 p1)
mixed-f6-p3-u0-v0-g0-a0-n0-a0-b0-n0-f0-r0 0.808 694 4124112 14 (up f0 f3) (board f3 p1) (down f3 f0) (up f0 f5) (board f5 p2) (down f5 f3) (down f3 f0) (up f0 f1) (depart f1 p1) (depart f1 p2) (board f1 p0) (down f1 f0) (up f0 f4) (depart f4 p0)
mixed-f6-p3-u0-v0-g0-a0-n0-a0-b0-n0-f0-r1 1.315 950 5892464 15 (up f0 f4) (board f4 p2) (down f4 f0) (up f0 f2) (board f2 p0) (down f2 f0) (up f0 f5) (depart f5 p0) (board f5 p1) (down f5 f4) (down f4 f0) (up f0 f1) (depart f1 p2) (up f1 f2) (depart f2 p1)
mixed-f6-p3-u0-v0-g0-a0-n0-a0-b0-n0-f0-r2 0.806 640 3766040 15 (up f0 f1) (board f1 p0) (down f1 f0) (up f0 f3) (board f3 p2) (down f3 f1) (down f1 f0) (up f0 f4) (board f4 p1) (down f4 f3) (down f3 f1) (down f1 f0) (depart f0 p0) (depart f0 p2) (depart f0 p1)
mixed-f6-p3-u0-v0-g0-a0-n0-a0-b0-n0-f0-r3 1.248 903 5462896 13 (board f0 p2) (up f0 f5) (board f5 p0) (depart f5 p2) (down f5 f4) (down f4 f3) (down f3 f2) (down f2 f1) (board f1 p1) (down f1 f0) (depart f0 p0) (up f0 f3) (depart f3 p1)
mixed-f6-p3-u0-v0-g0-a0-n0-a0-b0-n0-f0-r4 1.223 893 5306808 11 (board f0 p2) (up f0 f4) (depart f4 p2) (down f4 f3) (board f3 p0) (down f3 f0) (up f0 f2) (board f2 p1) (down f2 f0) (depart f0 p0) (depart f0 p1)
mixed-f8-p4-u0-v0-g0-a0-n0-a0-b0-n0-f0-r0 130.286 8319 241327168 17 (up f0 f1) (board f1 p1) (board f1 p2) (down f1 f0) (up f0 f7) (board f7 p0) (depart f7 p2) (down f7 f6) (depart f6 p0) (down f6 f5) (down f5 f4) (down f4 f3) (depart f3 p1) (down f3 f2) (board f2 p3) (up f2 f4) (depart f4 p3)
mixed-f8-p4-u0-v0-g0-a0-n0-a0-b0-n0-f0-r1 138.050 8919 250696368 21 (board f0 p0) (up f0 f1) (board f1 p3) (down f1 f0) (up f0 f6) (depart f6 p3) (down f6 f5) (down f5 f4) (down f4 f3) (down f3 f2) (down f2 f1) (down f1 f0) (board f0 p2) (up f0 f7) (board f7 p1) (depart f7 p2) (down f7 f0) (up f0 f5) (depart f5 p0) (down f5 f4) (depart f4 p1)
mixed-f2-p1-u0-v0-g0-a0-n0-a0-b0-n0-f0-r0 0.001 4 64592 4 (up f0 f1) (board f1 p0) (down f1 f0) (depart f0 p0)
mixed-f2-p1-u0-v0-g0-a0-n0-a0-b0-n0-f0-r1 0.000 4 64128 3 (board f0 p0) (up f0 f1) (depart f1 p0)
mixed-f2-p1-u0-v0-g0-a0-n0-a0-b0-n0-f0-r2 0.001 4 64592 4 (up f0 f1) (board f1 p0) (down f1 f0) (depart f0 p0)
mixed-f2-p1-u0-v0-g0-a0-n0-a0-b0-n0-f0-r3 0.001 4 64592 4 (up f0 f1) (board f1 p0) (down f1 f0) (depart f0 p0)
mixed-f2-p1-u0-v0-g0-a0-n0-a0-b0-n0-f0-r4 0.001 4 64592 4 (up f0 f1) (board f1 p0) (down f1 f0) (depart f0 p0)
mixed-f2-p1-u0-v0-g0-a0-n0-a0-b0-n0-f0-r0 0.001 4 64592 4 (up f0 f1) (board f1 p0) (down f1 f0) (depart f0 p0)
mixed-f4-p2-u0-v0-g0-a0-n0-a0-b0-n0-f0-r0 0.016 72 159424 8 (up f0 f1) (board f1 p1) (down f1 f0) (up f0 f3) (board f3 p0) (depart f3 p1) (down f3 f2) (depart f2 p0)
mixed-f4-p2-u0-v0-g0-a0-n0-a0-b0-n0-f0-r1 0.017 73 177336 7 (board f0 p0) (up f0 f3) (board f3 p1) (down f3 f0) (depart f0 p1) (up f0 f1) (depart f1 p0)
mixed-f4-p2-u0-v0-g0-a0-n0-a0-b0-n0-f0-r2 0.016 71 175000 7 (board f0 p1) (up f0 f3) (board f3 p0) (down f3 f0) (depart f0 p0) (up f0 f2) (depart f2 p1)
mixed-f4-p2-u0-v0-g0-a0-n0-a0-b0-n0-f0-r3 0.012 58 149296 9 (up f0 f1) (board f1 p0) (down f1 f0) (up f0 f2) (board f2 p1) (down f2 f1) (up f1 f3) (depart f3 p1) (depart f3 p0)
mixed-f4-p2-u0-v0-g0-a0-n0-a0-b0-n0-f0-r4 0.015 70 161344 10 (up f0 f2) (board f2 p1) (down f2 f0) (up f0 f3) (board f3 p0) (down f3 f2) (depart f2 p0) (down f2 f1) (down f1 f0) (depart f0 p1)
mixed-f6-p3-u0-v0-g0-a0-n0-a0-b0-n0-f0-r0 0.790 694 4124112 14 (up f0 f3) (board f3 p1) (down f3 f0) (up f0 f5) (board f5 p2) (down f5 f3) (down f3 f0) (up f0 f1) (depart f1 p1) (depart f1 p2) (board f1 p0) (down f1 f0) (up f0 f4) (depart f4 p0)
mixed-f6-p3-u0-v0-g0-a0-n0-a0-b0-n0-f0-r1 1.258 950 5892464 15 (up f0 f4) (board f4 p2) (down f4 f0) (up f0 f2) (board f2 p0) (down f2 f0) (up f0 f5) (depart f5 p0) (board f5 p1) (down f5 f4) (down f4 f0) (up f0 f1) (depart f1 p2) (up f1 f2) (depart f2 p1)
mixed-f6-p3-u0-v0-g0-a0-n0-a0-b0-n0-f0-r2 0.708 640 3766040 15 (up f0 f1) (board f1 p0) (down f1 f0) (up f0 f3) (board f3 p2) (down f3 f1) (down f1 f0) (up f0 f4) (board f4 p1) (down f4 f3) (down f3 f1) (down f1 f0) (depart f0 p0) (depart f0 p2) (depart f0 p1)
mixed-f6-p3-u0-v0-g0-a0-n0-a0-b0-n0-f0-r3 1.214 903 5462896 13 (board f0 p2) (up f0 f5) (board f5 p0) (depart f5 p2) (down f5 f4) (down f4 f3) (down f3 f2) (down f2 f1) (board f1 p1) (down f1 f0) (depart f0 p0) (up f0 f3) (depart f3 p1)
mixed-f6-p3-u0-v0-g0-a0-n0-a0-b0-n0-f0-r4 1.182 893 5306808 11 (board f0 p2) (up f0 f4) (depart f4 p2) (down f4 f3) (board f3 p0) (down f3 f0) (up f0 f2) (board f2 p1) (down f2 f0) (depart f0 p0) (depart f0 p1)
mixed-f8-p4-u0-v0-g0-a0-n0-a0-b0-n0-f0-r0 118.805 8319 241327168 17 (up f0 f1) (board f1 p1) (board f1 p2) (down f1 f0) (up f0 f7) (board f7 p0) (depart f7 p2) (down f7 f6) (depart f6 p0) (down f6 f5) (down f5 f4) (down f4 f3) (depart f3 p1) (down f3 f2) (board f2 p3) (up f2 f4) (depart f4 p3)
mixed-f8-p4-u0-v0-g0-a0-n0-a0-b0-n0-f0-r1 128.500 8919 250696368 21 (board f0 p0) (up f0 f1) (board f1 p3) (down f1 f0) (up f0 f6) (depart f6 p3) (down f6 f5) (down f5 f4) (down f4 f3) (down f3 f2) (down f2 f1) (down f1 f0) (board f0 p2) (up f0 f7) (board f7 p1) (depart f7 p2) (down f7 f0) (up f0 f5) (depart f5 p0) (down f5 f4) (depart f4 p1)
mixed-f2-p1-u0-v0-g0-a0-n0-a0-b0-n0-f0-r0 0.000 4 64592 4 (up f0 f1) (board f1 p0) (down f1 f0) (depart f0 p0)
mixed-f2-p1-u0-v0-g0-a0-n0-a0-b0-n0-f0-r1 0.000 4 64128 3 (board f0 p0) (up f0 f1) (depart f1 p0)
mixed-f2-p1-u0-v0-g0-a0-n0-a0-b0-n0-f0-r2 0.001 4 64592 4 (up f0 f1) (board f1 p0) (down f1 f0) (depart f0 p0)
mixed-f2-p1-u0-v0-g0-a0-n0-a0-b0-n0-f0-r3 0.001 4 64592 4 (up f0 f1) (board f1 p0) (down f1 f0) (depart f0 p0)
mixed-f2-p1-u0-v0-g0-a0-n0-a0-b0-n0-f0-r4 0.000 4 64592 4 (up f0 f1) (board f1 p0) (down f1 f0) (depart f0 p0)
mixed-f2-p1-u0-v0-g0-a0-n0-a0-b0-n0-f0-r0 0.001 4 64592 4 (up f0 f1) (board f1 p0) (down f1 f0) (depart f0 p0)
mixed-f4-p2-u0-v0-g0-a0-n0-a0-b0-n0-f0-r0 0.023 72 159424 8 (up f0 f1) (board f1 p1) (down f1 f0) (up f0 f3) (board f3 p0) (depart f3 p1) (down f3 f2) (depart f2 p0)
mixed-f4-p2-u0-v0-g0-a0-n0-a0-b0-n0-f0-r1 0.016 73 177336 7 (board f0 p0) (up f0 f3) (board f3 p1) (down f3 f0) (depart f0 p1) (up f0 f1) (depart f1 p0)
mixed-f4-p2-u0-v0-g0-a0-n0-a0-b0-n0-f0-r2 0.016 71 175000 7 (board f0 p1) (up f0 f3) (board f3 p0) (down f3 f0) (depart f0 p0) (up f0 f2) (depart f2 p1)
mixed-f4-p2-u0-v0-g0-a0-n0-a0-b0-n0-f0-r3 0.013 58 149296 9 (up f0 f1) (board f1 p0) (down f1 f0) (up f0 f2) (board f2 p1) (down f2 f1) (up f1 f3) (depart f3 p1) (depart f3 p0)
mixed-f4-p2-u0-v0-g0-a0-n0-a0-b0-n0-f0-r4 0.016 70 161344 10 (up f0 f2) (board f2 p1) (down f2 f0) (up f0 f3) (board f3 p0) (down f3 f2) (depart f2 p0) (down f2 f1) (down f1 f0) (depart f0 p1)
mixed-f6-p3-u0-v0-g0-a0-n0-a0-b0-n0-f0-r0 0.803 694 4124112 14 (up f0 f3) (board f3 p1) (down f3 f0) (up f0 f5) (board f5 p2) (down f5 f3) (down f3 f0) (up f0 f1) (depart f1 p1) (depart f1 p2) (board f1 p0) (down f1 f0) (up f0 f4) (depart f4 p0)
mixed-f6-p3-u0-v0-g0-a0-n0-a0-b0-n0-f0-r1 1.286 950 5892464 15 (up f0 f4) (board f4 p2) (down f4 f0) (up f0 f2) (board f2 p0) (down f2 f0) (up f0 f5) (depart f5 p0) (board f5 p1) (down f5 f4) (down f4 f0) (up f0 f1) (depart f1 p2) (up f1 f2) (depart f2 p1)
mixed-f6-p3-u0-v0-g0-a0-n0-a0-b0-n0-f0-r2 0.703 640 3766040 15 (up f0 f1) (board f1 p0) (down f1 f0) (up f0 f3) (board f3 p2) (down f3 f1) (down f1 f0) (up f0 f4) (board f4 p1) (down f4 f3) (down f3 f1) (down f1 f0) (depart f0 p0) (depart f0 p2) (depart f0 p1)
mixed-f6-p3-u0-v0-g0-a0-n0-a0-b0-n0-f0-r3 1.219 903 5462896 13 (board f0 p2) (up f0 f5) (board f5 p0) (depart f5 p2) (down f5 f4) (down f4 f3) (down f3 f2) (down f2 f1) (board f1 p1) (down f1 f0) (depart f0 p0) (up f0 f3) (depart f3 p1)
mixed-f6-p3-u0-v0-g0-a0-n0-a0-b0-n0-f0-r4 1.189 893 5306808 11 (board f0 p2) (up f0 f4) (depart f4 p2) (down f4 f3) (board f3 p0) (down f3 f0) (up f0 f2) (board f2 p1) (down f2 f0) (depart f0 p0) (depart f0 p1)
mixed-f8-p4-u0-v0-g0-a0-n0-a0-b0-n0-f0-r0 121.133 8319 241327168 17 (up f0 f1) (board f1 p1) (board f1 p2) (down f1 f0) (up f0 f7) (board f7 p0) (depart f7 p2) (down f7 f6) (depart f6 p0) (down f6 f5) (down f5 f4) (down f4 f3) (depart f3 p1) (down f3 f2) (board f2 p3) (up f2 f4) (depart f4 p3)
mixed-f8-p4-u0-v0-g0-a0-n0-a0-b0-n0-f0-r1 131.281 8919 250696368 21 (board f0 p0) (up f0 f1) (board f1 p3) (down f1 f0) (up f0 f6) (depart f6 p3) (down f6 f5) (down f5 f4) (down f4 f3) (down f3 f2) (down f2 f1) (down f1 f0) (board f0 p2) (up f0 f7) (board f7 p1) (depart f7 p2) (down f7 f0) (up f0 f5) (depart f5 p0) (down f5 f4) (depart f4 p1)
mixed-f2-p1-u0-v0-g0-a0-n0-a0-b0-n0-f0-r0 0.001 4 64592 4 (up f0 f1) (board f1 p0) (down f1 f0) (depart f0 p0)
mixed-f2-p1-u0-v0-g0-a0-n0-a0-b0-n0-f0-r1 0.000 4 64128 3 (board f0 p0) (up f0 f1) (depart f1 p0)
mixed-f2-p1-u0-v0-g0-a0-n0-a0-b0-n0-f0-r2 0.000 4 64592 4 (up f0 f1) (board f1 p0) (down f1 f0) (depart f0 p0)
mixed-f2-p1-u0-v0-g0-a0-n0-a0-b0-n0-f0-r3 0.001 4 64592 4 (up f0 f1) (board f1 p0) (down f1 f0) (depart f0 p0)
mixed-f2-p1-u0-v0-g0-a0-n0-a0-b0-n0-f0-r4 0.001 4 64592 4 (up f0 f1) (board f1 p0) (down f1 f0) (depart f0 p0)
mixed-f2-p1-u0-v0-g0-a0-n0-a0-b0-n0-f0-r0 0.001 4 64592 4 (up f0 f1) (board f1 p0) (down f1 f0) (depart f0 p0)
mixed-f4-p2-u0-v0-g0-a0-n0-a0-b0-n0-f0-r0 0.016 72 159424 8 (up f0 f1) (board f1 p1) (down f1 f0) (up f0 f3) (board f3 p0) (depart f3 p1) (down f3 f2) (depart f2 p0)
mixed-f4-p2-u0-v0-g0-a0-n0-a0-b0-n0-f0-r1 0.024 73 177336 7 (board f0 p0) (up f0 f3) (board f3 p1) (down f3 f0) (depart f0 p1) (up f0 f1) (depart f1 p0)
mixed-f4-p2-u0-v0-g0-a0-n0-a0-b0-n0-f0-r2 0.015 71 175000 7 (board f0 p1) (up f0 f3) (board f3 p0) (down f3 f0) (depart f0 p0) (up f0 f2) (depart f2 p1)
mixed-f4-p2-u0-v0-g0-a0-n0-a0-b0-n0-f0-r3 0.015 58 149296 9 (up f0 f1) (board f1 p0) (down f1 f0) (up f0 f2) (board f2 p1) (down f2 f1) (up f1 f3) (depart f3 p1) (depart f3 p0)
mixed-f4-p2-u0-v0-g0-a0-n0-a0-b0-n0-f0-r4 0.015 70 161344 10 (up f0 f2) (board f2 p1) (down f2 f0) (up f0 f3) (board f3 p0) (down f3 f2) (depart f2 p0) (down f2 f1) (down f1 f0) (depart f0 p1)
mixed-f6-p3-u0-v0-g0-a0-n0-a0-b0-n0-f0-r0 0.809 694 4124112 14 (up f0 f3) (board f3 p1) (down f3 f0) (up f0 f5) (board f5 p2) (down f5 f3) (down f3 f0) (up f0 f1) (depart f1 p1) (depart f1 p2) (board f1 p0) (down f1 f0) (up f0 f4) (depart f4 p0)
mixed-f6-p3-u0-v0-g0-a0-n0-a0-b0-n0-f0-r1 1.285 950 5892464 15 (up f0 f4) (board f4 p2) (down f4 f0) (up f0 f2) (board f2 p0) (down f2 f0) (up f0 f5) (depart f5 p0) (board f5 p1) (down f5 f4) (down f4 f0) (up f0 f1) (depart f1 p2) (up f1 f2) (depart f2 p1)
mixed-f6-p3-u0-v0-g0-a0-n0-a0-b0-n0-f0-r2 0.724 640 3766040 15 (up f0 f1) (board f1 p0) (down f1 f0) (up f0 f3) (board f3 p2) (down f3 f1) (down f1 f0) (up f0 f4) (board f4 p1) (down f4 f3) (down f3 f1) (down f1 f0) (depart f0 p0) (depart f0 p2) (depart f0 p1)
mixed-f6-p3-u0-v0-g0-a0-n0-a0-b0-n0-f0-r3 1.253 903 5462896 13 (board f0 p2) (up f0 f5) (board f5 p0) (depart f5 p2) (down f5 f4) (down f4 f3) (down f3 f2) (down f2 f1) (board f1 p1) (down f1 f0) (depart f0 p0) (up f0 f3) (depart f3 p1)
mixed-f6-p3-u0-v0-g0-a0-n0-a0-b0-n0-f0-r4 1.185 893 5306808 11 (board f0 p2) (up f0 f4) (depart f4 p2) (down f4 f3) (board f3 p0) (down f3 f0) (up f0 f2) (board f2 p1) (down f2 f0) (depart f0 p0) (depart f0 p1)
mixed-f8-p4-u0-v0-g0-a0-n0-a0-b0-n0-f0-r0 121.839 8319 241327168 17 (up f0 f1) (board f1 p1) (board f1 p2) (down f1 f0) (up f0 f7) (board f7 p0) (depart f7 p2) (down f7 f6) (depart f6 p0) (down f6 f5) (down f5 f4) (down f4 f3) (depart f3 p1) (down f3 f2) (board f2 p3) (up f2 f4) (depart f4 p3)
mixed-f8-p4-u0-v0-g0-a0-n0-a0-b0-n0-f0-r1 132.379 8919 250696368 21 (board f0 p0) (up f0 f1) (board f1 p3) (down f1 f0) (up f0 f6) (depart f6 p3) (down f6 f5) (down f5 f4) (down f4 f3) (down f3 f2) (down f2 f1) (down f1 f0) (board f0 p2) (up f0 f7) (board f7 p1) (depart f7 p2) (down f7 f0) (up f0 f5) (depart f5 p0) (down f5 f4) (depart f4 p1)
